#
# There is insufficient memory for the Java Runtime Environment to continue.
# Native memory allocation (mmap) failed to map 65536 bytes for Failed to commit metaspace.
# Possible reasons:
#   The system is out of physical RAM or swap space
#   The process is running with CompressedOops enabled, and the Java Heap may be blocking the growth of the native heap
# Possible solutions:
#   Reduce memory load on the system
#   Increase physical memory or swap space
#   Check if swap backing store is full
#   Decrease Java heap size (-Xmx/-Xms)
#   Decrease number of Java threads
#   Decrease Java thread stack sizes (-Xss)
#   Set larger code cache with -XX:ReservedCodeCacheSize=
#   JVM is running with Unscaled Compressed Oops mode in which the Java heap is
#     placed in the first 4GB address space. The Java Heap base address is the
#     maximum limit for the native heap growth. Please use -XX:HeapBaseMinAddress
#     to set the Java Heap base and to place the Java Heap above 4GB virtual address.
# This output file may be truncated or incomplete.
#
#  Out of Memory Error (virtualSpaceNode.cpp:108), pid=3600, tid=264
#
# JRE version: OpenJDK Runtime Environment (16.0.2+7) (build 16.0.2+7-67)
# Java VM: OpenJDK 64-Bit Server VM (16.0.2+7-67, mixed mode, tiered, compressed oops, compressed class ptrs, g1 gc, windows-amd64)
# No core dump will be written. Minidumps are not enabled by default on client versions of Windows
#

---------------  S U M M A R Y ------------

Command Line: -javaagent:C:\Program Files\JetBrains\IntelliJ IDEA Community Edition 2021.2.3\lib\idea_rt.jar=51823:C:\Program Files\JetBrains\IntelliJ IDEA Community Edition 2021.2.3\bin -Dfile.encoding=UTF-8 com.careerdevs.employees.EmployeesApplication

Host: AMD Ryzen 5 5600H with Radeon Graphics         , 12 cores, 5G,  Windows 10 , 64 bit Build 19041 (10.0.19041.1202)
Time: Tue Oct 26 21:12:51 2021 Eastern Daylight Time elapsed time: 0.149627 seconds (0d 0h 0m 0s)

---------------  T H R E A D  ---------------

Current thread (0x0000027531af4f10):  JavaThread "main" [_thread_in_vm, id=264, stack(0x000000fe68f00000,0x000000fe69000000)]

Stack: [0x000000fe68f00000,0x000000fe69000000]
Native frames: (J=compiled Java code, j=interpreted, Vv=VM code, C=native code)
V  [jvm.dll+0x6681ca]
V  [jvm.dll+0x7c9e69]
V  [jvm.dll+0x7cb61e]
V  [jvm.dll+0x7cbc73]
V  [jvm.dll+0x242c55]
V  [jvm.dll+0x7c64eb]
V  [jvm.dll+0x60ddd6]
V  [jvm.dll+0x60de3a]
V  [jvm.dll+0x61046a]
V  [jvm.dll+0x60e6d1]
V  [jvm.dll+0x23709f]
V  [jvm.dll+0x618d55]
V  [jvm.dll+0x1e97ef]
V  [jvm.dll+0x1e9d25]
V  [jvm.dll+0x1ea8af]
V  [jvm.dll+0x1df631]
V  [jvm.dll+0x535ff8]
V  [jvm.dll+0x1f0d52]
V  [jvm.dll+0x741863]
V  [jvm.dll+0x743108]
V  [jvm.dll+0x743433]
V  [jvm.dll+0x23ab24]
V  [jvm.dll+0x375531]
C  0x000002753924c20e

Java frames: (J=compiled Java code, j=interpreted, Vv=VM code)
j  java.util.Arrays$ArrayList.iterator()Ljava/util/Iterator;+0 java.base@16.0.2
j  java.util.AbstractCollection.addAll(Ljava/util/Collection;)Z+3 java.base@16.0.2
j  java.util.HashSet.<init>(Ljava/util/Collection;)V+35 java.base@16.0.2
j  sun.nio.fs.WindowsFileSystem.<clinit>()V+36 java.base@16.0.2
v  ~StubRoutines::call_stub
j  sun.nio.fs.WindowsFileSystemProvider.<init>()V+5 java.base@16.0.2
j  sun.nio.fs.DefaultFileSystemProvider.<clinit>()V+4 java.base@16.0.2
v  ~StubRoutines::call_stub
j  java.nio.file.FileSystems$DefaultFileSystemHolder.getDefaultProvider()Ljava/nio/file/spi/FileSystemProvider;+0 java.base@16.0.2
j  java.nio.file.FileSystems$DefaultFileSystemHolder$1.run()Ljava/nio/file/spi/FileSystemProvider;+0 java.base@16.0.2
j  java.nio.file.FileSystems$DefaultFileSystemHolder$1.run()Ljava/lang/Object;+1 java.base@16.0.2
j  java.security.AccessController.executePrivileged(Ljava/security/PrivilegedAction;Ljava/security/AccessControlContext;Ljava/lang/Class;)Ljava/lang/Object;+29 java.base@16.0.2
j  java.security.AccessController.doPrivileged(Ljava/security/PrivilegedAction;)Ljava/lang/Object;+5 java.base@16.0.2
j  java.nio.file.FileSystems$DefaultFileSystemHolder.defaultFileSystem()Ljava/nio/file/FileSystem;+7 java.base@16.0.2
j  java.nio.file.FileSystems$DefaultFileSystemHolder.<clinit>()V+0 java.base@16.0.2
v  ~StubRoutines::call_stub
j  java.nio.file.FileSystems.getDefault()Ljava/nio/file/FileSystem;+6 java.base@16.0.2
j  java.io.File.toPath()Ljava/nio/file/Path;+22 java.base@16.0.2
j  java.util.zip.ZipFile$Source.get(Ljava/io/File;ZLjava/util/zip/ZipCoder;)Ljava/util/zip/ZipFile$Source;+6 java.base@16.0.2
j  java.util.zip.ZipFile$CleanableResource.<init>(Ljava/util/zip/ZipFile;Ljava/util/zip/ZipCoder;Ljava/io/File;I)V+56 java.base@16.0.2
j  java.util.zip.ZipFile.<init>(Ljava/io/File;ILjava/nio/charset/Charset;)V+123 java.base@16.0.2
j  java.util.zip.ZipFile.<init>(Ljava/io/File;I)V+6 java.base@16.0.2
j  java.util.jar.JarFile.<init>(Ljava/io/File;ZILjava/lang/Runtime$Version;)V+3 java.base@16.0.2
j  jdk.internal.loader.URLClassPath$JarLoader.getJarFile(Ljava/net/URL;)Ljava/util/jar/JarFile;+56 java.base@16.0.2
j  jdk.internal.loader.URLClassPath$JarLoader$1.run()Ljava/lang/Void;+55 java.base@16.0.2
j  jdk.internal.loader.URLClassPath$JarLoader$1.run()Ljava/lang/Object;+1 java.base@16.0.2
j  java.security.AccessController.executePrivileged(Ljava/security/PrivilegedExceptionAction;Ljava/security/AccessControlContext;Ljava/lang/Class;)Ljava/lang/Object;+29 java.base@16.0.2
j  java.security.AccessController.doPrivileged(Ljava/security/PrivilegedExceptionAction;Ljava/security/AccessControlContext;)Ljava/lang/Object;+13 java.base@16.0.2
j  jdk.internal.loader.URLClassPath$JarLoader.ensureOpen()V+19 java.base@16.0.2
j  jdk.internal.loader.URLClassPath$JarLoader.<init>(Ljava/net/URL;Ljava/net/URLStreamHandler;Ljava/util/HashMap;Ljava/security/AccessControlContext;)V+63 java.base@16.0.2
j  jdk.internal.loader.URLClassPath$3.run()Ljdk/internal/loader/URLClassPath$Loader;+168 java.base@16.0.2
j  jdk.internal.loader.URLClassPath$3.run()Ljava/lang/Object;+1 java.base@16.0.2
j  java.security.AccessController.executePrivileged(Ljava/security/PrivilegedExceptionAction;Ljava/security/AccessControlContext;Ljava/lang/Class;)Ljava/lang/Object;+29 java.base@16.0.2
j  java.security.AccessController.doPrivileged(Ljava/security/PrivilegedExceptionAction;Ljava/security/AccessControlContext;)Ljava/lang/Object;+13 java.base@16.0.2
j  jdk.internal.loader.URLClassPath.getLoader(Ljava/net/URL;)Ljdk/internal/loader/URLClassPath$Loader;+13 java.base@16.0.2
j  jdk.internal.loader.URLClassPath.getLoader(I)Ljdk/internal/loader/URLClassPath$Loader;+81 java.base@16.0.2
j  jdk.internal.loader.URLClassPath.getResource(Ljava/lang/String;Z)Ljdk/internal/loader/Resource;+42 java.base@16.0.2
j  jdk.internal.loader.BuiltinClassLoader.findClassOnClassPathOrNull(Ljava/lang/String;)Ljava/lang/Class;+26 java.base@16.0.2
j  jdk.internal.loader.BuiltinClassLoader.loadClassOrNull(Ljava/lang/String;Z)Ljava/lang/Class;+111 java.base@16.0.2
j  jdk.internal.loader.BuiltinClassLoader.loadClass(Ljava/lang/String;Z)Ljava/lang/Class;+3 java.base@16.0.2
j  jdk.internal.loader.ClassLoaders$AppClassLoader.loadClass(Ljava/lang/String;Z)Ljava/lang/Class;+36 java.base@16.0.2
j  java.lang.ClassLoader.loadClass(Ljava/lang/String;)Ljava/lang/Class;+3 java.base@16.0.2
j  sun.instrument.InstrumentationImpl.loadClassAndStartAgent(Ljava/lang/String;Ljava/lang/String;Ljava/lang/String;)V+8 java.instrument@16.0.2
j  sun.instrument.InstrumentationImpl.loadClassAndCallPremain(Ljava/lang/String;Ljava/lang/String;)V+6 java.instrument@16.0.2
v  ~StubRoutines::call_stub

---------------  P R O C E S S  ---------------

Threads class SMR info:
_java_thread_list=0x000002754f5eac00, length=11, elements={
0x0000027531af4f10, 0x000002754f413260, 0x000002754ebbee60, 0x000002754ebcb5a0,
0x000002754ebcc1a0, 0x000002754ebccda0, 0x000002754ebcd8a0, 0x000002754ebce5d0,
0x000002754f43d120, 0x000002754f43db60, 0x000002754eb415d0
}

Java Threads: ( => current thread )
=>0x0000027531af4f10 JavaThread "main" [_thread_in_vm, id=264, stack(0x000000fe68f00000,0x000000fe69000000)]
  0x000002754f413260 JavaThread "Reference Handler" daemon [_thread_blocked, id=2488, stack(0x000000fe69600000,0x000000fe69700000)]
  0x000002754ebbee60 JavaThread "Finalizer" daemon [_thread_blocked, id=4072, stack(0x000000fe69700000,0x000000fe69800000)]
  0x000002754ebcb5a0 JavaThread "Signal Dispatcher" daemon [_thread_blocked, id=19628, stack(0x000000fe69800000,0x000000fe69900000)]
  0x000002754ebcc1a0 JavaThread "Attach Listener" daemon [_thread_blocked, id=9160, stack(0x000000fe69900000,0x000000fe69a00000)]
  0x000002754ebccda0 JavaThread "Service Thread" daemon [_thread_blocked, id=19816, stack(0x000000fe69a00000,0x000000fe69b00000)]
  0x000002754ebcd8a0 JavaThread "Monitor Deflation Thread" daemon [_thread_blocked, id=17788, stack(0x000000fe69b00000,0x000000fe69c00000)]
  0x000002754ebce5d0 JavaThread "C2 CompilerThread0" daemon [_thread_blocked, id=20372, stack(0x000000fe69c00000,0x000000fe69d00000)]
  0x000002754f43d120 JavaThread "C1 CompilerThread0" daemon [_thread_blocked, id=8004, stack(0x000000fe69d00000,0x000000fe69e00000)]
  0x000002754f43db60 JavaThread "Sweeper thread" daemon [_thread_blocked, id=8344, stack(0x000000fe69e00000,0x000000fe69f00000)]
  0x000002754eb415d0 JavaThread "Common-Cleaner" daemon [_thread_blocked, id=5788, stack(0x000000fe69f00000,0x000000fe6a000000)]

Other Threads:
  0x000002754eb730f0 VMThread "VM Thread" [stack: 0x000000fe69500000,0x000000fe69600000] [id=6236]
  0x0000027531b2cfa0 GCTaskThread "GC Thread#0" [stack: 0x000000fe69000000,0x000000fe69100000] [id=16920]
  0x0000027531b39d10 ConcurrentGCThread "G1 Main Marker" [stack: 0x000000fe69100000,0x000000fe69200000] [id=14476]
  0x0000027531b3b2f0 ConcurrentGCThread "G1 Conc#0" [stack: 0x000000fe69200000,0x000000fe69300000] [id=1880]
  0x0000027531b9d850 ConcurrentGCThread "G1 Refine#0" [stack: 0x000000fe69300000,0x000000fe69400000] [id=13232]
  0x0000027531b9e2d0 ConcurrentGCThread "G1 Service" [stack: 0x000000fe69400000,0x000000fe69500000] [id=2072]

Threads with active compile tasks:

VM state: not at safepoint (normal execution)

VM Mutex/Monitor currently owned by a thread:  ([mutex/lock_event])
[0x0000027531af19f0] MetaspaceExpand_lock - owner thread: 0x0000027531af4f10

Heap address: 0x00000000a2400000, size: 1500 MB, Compressed Oops mode: 32-bit

CDS disabled.
Compressed class space mapped at: 0x0000000100000000-0x0000000140000000, reserved size: 1073741824
Narrow klass base: 0x0000000000000000, Narrow klass shift: 3, Narrow klass range: 0x140000000

GC Precious Log:
 CPUs: 12 total, 12 available
 Memory: 5996M
 Large Page Support: Disabled
 NUMA Support: Disabled
 Compressed Oops: Enabled (32-bit)
 Heap Region Size: 1M
 Heap Min Capacity: 8M
 Heap Initial Capacity: 94M
 Heap Max Capacity: 1500M
 Pre-touch: Disabled
 Parallel Workers: 10
 Concurrent Workers: 3
 Concurrent Refinement Workers: 10
 Periodic GC: Disabled

Heap:
 garbage-first heap   total 96256K, used 1024K [0x00000000a2400000, 0x0000000100000000)
  region size 1024K, 2 young (2048K), 0 survivors (0K)
 Metaspace       used 5290K, committed 5440K, reserved 1056768K
  class space    used 425K, committed 512K, reserved 1048576K

Heap Regions: E=young(eden), S=young(survivor), O=old, HS=humongous(starts), HC=humongous(continues), CS=collection set, F=free, OA=open archive, CA=closed archive, TAMS=top-at-mark-start (previous, next)
|   0|0x00000000a2400000, 0x00000000a2400000, 0x00000000a2500000|  0%| F|  |TAMS 0x00000000a2400000, 0x00000000a2400000| Untracked 
|   1|0x00000000a2500000, 0x00000000a2500000, 0x00000000a2600000|  0%| F|  |TAMS 0x00000000a2500000, 0x00000000a2500000| Untracked 
|   2|0x00000000a2600000, 0x00000000a2600000, 0x00000000a2700000|  0%| F|  |TAMS 0x00000000a2600000, 0x00000000a2600000| Untracked 
|   3|0x00000000a2700000, 0x00000000a2700000, 0x00000000a2800000|  0%| F|  |TAMS 0x00000000a2700000, 0x00000000a2700000| Untracked 
|   4|0x00000000a2800000, 0x00000000a2800000, 0x00000000a2900000|  0%| F|  |TAMS 0x00000000a2800000, 0x00000000a2800000| Untracked 
|   5|0x00000000a2900000, 0x00000000a2900000, 0x00000000a2a00000|  0%| F|  |TAMS 0x00000000a2900000, 0x00000000a2900000| Untracked 
|   6|0x00000000a2a00000, 0x00000000a2a00000, 0x00000000a2b00000|  0%| F|  |TAMS 0x00000000a2a00000, 0x00000000a2a00000| Untracked 
|   7|0x00000000a2b00000, 0x00000000a2b00000, 0x00000000a2c00000|  0%| F|  |TAMS 0x00000000a2b00000, 0x00000000a2b00000| Untracked 
|   8|0x00000000a2c00000, 0x00000000a2c00000, 0x00000000a2d00000|  0%| F|  |TAMS 0x00000000a2c00000, 0x00000000a2c00000| Untracked 
|   9|0x00000000a2d00000, 0x00000000a2d00000, 0x00000000a2e00000|  0%| F|  |TAMS 0x00000000a2d00000, 0x00000000a2d00000| Untracked 
|  10|0x00000000a2e00000, 0x00000000a2e00000, 0x00000000a2f00000|  0%| F|  |TAMS 0x00000000a2e00000, 0x00000000a2e00000| Untracked 
|  11|0x00000000a2f00000, 0x00000000a2f00000, 0x00000000a3000000|  0%| F|  |TAMS 0x00000000a2f00000, 0x00000000a2f00000| Untracked 
|  12|0x00000000a3000000, 0x00000000a3000000, 0x00000000a3100000|  0%| F|  |TAMS 0x00000000a3000000, 0x00000000a3000000| Untracked 
|  13|0x00000000a3100000, 0x00000000a3100000, 0x00000000a3200000|  0%| F|  |TAMS 0x00000000a3100000, 0x00000000a3100000| Untracked 
|  14|0x00000000a3200000, 0x00000000a3200000, 0x00000000a3300000|  0%| F|  |TAMS 0x00000000a3200000, 0x00000000a3200000| Untracked 
|  15|0x00000000a3300000, 0x00000000a3300000, 0x00000000a3400000|  0%| F|  |TAMS 0x00000000a3300000, 0x00000000a3300000| Untracked 
|  16|0x00000000a3400000, 0x00000000a3400000, 0x00000000a3500000|  0%| F|  |TAMS 0x00000000a3400000, 0x00000000a3400000| Untracked 
|  17|0x00000000a3500000, 0x00000000a3500000, 0x00000000a3600000|  0%| F|  |TAMS 0x00000000a3500000, 0x00000000a3500000| Untracked 
|  18|0x00000000a3600000, 0x00000000a3600000, 0x00000000a3700000|  0%| F|  |TAMS 0x00000000a3600000, 0x00000000a3600000| Untracked 
|  19|0x00000000a3700000, 0x00000000a3700000, 0x00000000a3800000|  0%| F|  |TAMS 0x00000000a3700000, 0x00000000a3700000| Untracked 
|  20|0x00000000a3800000, 0x00000000a3800000, 0x00000000a3900000|  0%| F|  |TAMS 0x00000000a3800000, 0x00000000a3800000| Untracked 
|  21|0x00000000a3900000, 0x00000000a3900000, 0x00000000a3a00000|  0%| F|  |TAMS 0x00000000a3900000, 0x00000000a3900000| Untracked 
|  22|0x00000000a3a00000, 0x00000000a3a00000, 0x00000000a3b00000|  0%| F|  |TAMS 0x00000000a3a00000, 0x00000000a3a00000| Untracked 
|  23|0x00000000a3b00000, 0x00000000a3b00000, 0x00000000a3c00000|  0%| F|  |TAMS 0x00000000a3b00000, 0x00000000a3b00000| Untracked 
|  24|0x00000000a3c00000, 0x00000000a3c00000, 0x00000000a3d00000|  0%| F|  |TAMS 0x00000000a3c00000, 0x00000000a3c00000| Untracked 
|  25|0x00000000a3d00000, 0x00000000a3d00000, 0x00000000a3e00000|  0%| F|  |TAMS 0x00000000a3d00000, 0x00000000a3d00000| Untracked 
|  26|0x00000000a3e00000, 0x00000000a3e00000, 0x00000000a3f00000|  0%| F|  |TAMS 0x00000000a3e00000, 0x00000000a3e00000| Untracked 
|  27|0x00000000a3f00000, 0x00000000a3f00000, 0x00000000a4000000|  0%| F|  |TAMS 0x00000000a3f00000, 0x00000000a3f00000| Untracked 
|  28|0x00000000a4000000, 0x00000000a4000000, 0x00000000a4100000|  0%| F|  |TAMS 0x00000000a4000000, 0x00000000a4000000| Untracked 
|  29|0x00000000a4100000, 0x00000000a4100000, 0x00000000a4200000|  0%| F|  |TAMS 0x00000000a4100000, 0x00000000a4100000| Untracked 
|  30|0x00000000a4200000, 0x00000000a4200000, 0x00000000a4300000|  0%| F|  |TAMS 0x00000000a4200000, 0x00000000a4200000| Untracked 
|  31|0x00000000a4300000, 0x00000000a4300000, 0x00000000a4400000|  0%| F|  |TAMS 0x00000000a4300000, 0x00000000a4300000| Untracked 
|  32|0x00000000a4400000, 0x00000000a4400000, 0x00000000a4500000|  0%| F|  |TAMS 0x00000000a4400000, 0x00000000a4400000| Untracked 
|  33|0x00000000a4500000, 0x00000000a4500000, 0x00000000a4600000|  0%| F|  |TAMS 0x00000000a4500000, 0x00000000a4500000| Untracked 
|  34|0x00000000a4600000, 0x00000000a4600000, 0x00000000a4700000|  0%| F|  |TAMS 0x00000000a4600000, 0x00000000a4600000| Untracked 
|  35|0x00000000a4700000, 0x00000000a4700000, 0x00000000a4800000|  0%| F|  |TAMS 0x00000000a4700000, 0x00000000a4700000| Untracked 
|  36|0x00000000a4800000, 0x00000000a4800000, 0x00000000a4900000|  0%| F|  |TAMS 0x00000000a4800000, 0x00000000a4800000| Untracked 
|  37|0x00000000a4900000, 0x00000000a4900000, 0x00000000a4a00000|  0%| F|  |TAMS 0x00000000a4900000, 0x00000000a4900000| Untracked 
|  38|0x00000000a4a00000, 0x00000000a4a00000, 0x00000000a4b00000|  0%| F|  |TAMS 0x00000000a4a00000, 0x00000000a4a00000| Untracked 
|  39|0x00000000a4b00000, 0x00000000a4b00000, 0x00000000a4c00000|  0%| F|  |TAMS 0x00000000a4b00000, 0x00000000a4b00000| Untracked 
|  40|0x00000000a4c00000, 0x00000000a4c00000, 0x00000000a4d00000|  0%| F|  |TAMS 0x00000000a4c00000, 0x00000000a4c00000| Untracked 
|  41|0x00000000a4d00000, 0x00000000a4d00000, 0x00000000a4e00000|  0%| F|  |TAMS 0x00000000a4d00000, 0x00000000a4d00000| Untracked 
|  42|0x00000000a4e00000, 0x00000000a4e00000, 0x00000000a4f00000|  0%| F|  |TAMS 0x00000000a4e00000, 0x00000000a4e00000| Untracked 
|  43|0x00000000a4f00000, 0x00000000a4f00000, 0x00000000a5000000|  0%| F|  |TAMS 0x00000000a4f00000, 0x00000000a4f00000| Untracked 
|  44|0x00000000a5000000, 0x00000000a5000000, 0x00000000a5100000|  0%| F|  |TAMS 0x00000000a5000000, 0x00000000a5000000| Untracked 
|  45|0x00000000a5100000, 0x00000000a5100000, 0x00000000a5200000|  0%| F|  |TAMS 0x00000000a5100000, 0x00000000a5100000| Untracked 
|  46|0x00000000a5200000, 0x00000000a5200000, 0x00000000a5300000|  0%| F|  |TAMS 0x00000000a5200000, 0x00000000a5200000| Untracked 
|  47|0x00000000a5300000, 0x00000000a5300000, 0x00000000a5400000|  0%| F|  |TAMS 0x00000000a5300000, 0x00000000a5300000| Untracked 
|  48|0x00000000a5400000, 0x00000000a5400000, 0x00000000a5500000|  0%| F|  |TAMS 0x00000000a5400000, 0x00000000a5400000| Untracked 
|  49|0x00000000a5500000, 0x00000000a5500000, 0x00000000a5600000|  0%| F|  |TAMS 0x00000000a5500000, 0x00000000a5500000| Untracked 
|  50|0x00000000a5600000, 0x00000000a5600000, 0x00000000a5700000|  0%| F|  |TAMS 0x00000000a5600000, 0x00000000a5600000| Untracked 
|  51|0x00000000a5700000, 0x00000000a5700000, 0x00000000a5800000|  0%| F|  |TAMS 0x00000000a5700000, 0x00000000a5700000| Untracked 
|  52|0x00000000a5800000, 0x00000000a5800000, 0x00000000a5900000|  0%| F|  |TAMS 0x00000000a5800000, 0x00000000a5800000| Untracked 
|  53|0x00000000a5900000, 0x00000000a5900000, 0x00000000a5a00000|  0%| F|  |TAMS 0x00000000a5900000, 0x00000000a5900000| Untracked 
|  54|0x00000000a5a00000, 0x00000000a5a00000, 0x00000000a5b00000|  0%| F|  |TAMS 0x00000000a5a00000, 0x00000000a5a00000| Untracked 
|  55|0x00000000a5b00000, 0x00000000a5b00000, 0x00000000a5c00000|  0%| F|  |TAMS 0x00000000a5b00000, 0x00000000a5b00000| Untracked 
|  56|0x00000000a5c00000, 0x00000000a5c00000, 0x00000000a5d00000|  0%| F|  |TAMS 0x00000000a5c00000, 0x00000000a5c00000| Untracked 
|  57|0x00000000a5d00000, 0x00000000a5d00000, 0x00000000a5e00000|  0%| F|  |TAMS 0x00000000a5d00000, 0x00000000a5d00000| Untracked 
|  58|0x00000000a5e00000, 0x00000000a5e00000, 0x00000000a5f00000|  0%| F|  |TAMS 0x00000000a5e00000, 0x00000000a5e00000| Untracked 
|  59|0x00000000a5f00000, 0x00000000a5f00000, 0x00000000a6000000|  0%| F|  |TAMS 0x00000000a5f00000, 0x00000000a5f00000| Untracked 
|  60|0x00000000a6000000, 0x00000000a6000000, 0x00000000a6100000|  0%| F|  |TAMS 0x00000000a6000000, 0x00000000a6000000| Untracked 
|  61|0x00000000a6100000, 0x00000000a6100000, 0x00000000a6200000|  0%| F|  |TAMS 0x00000000a6100000, 0x00000000a6100000| Untracked 
|  62|0x00000000a6200000, 0x00000000a6200000, 0x00000000a6300000|  0%| F|  |TAMS 0x00000000a6200000, 0x00000000a6200000| Untracked 
|  63|0x00000000a6300000, 0x00000000a6300000, 0x00000000a6400000|  0%| F|  |TAMS 0x00000000a6300000, 0x00000000a6300000| Untracked 
|  64|0x00000000a6400000, 0x00000000a6400000, 0x00000000a6500000|  0%| F|  |TAMS 0x00000000a6400000, 0x00000000a6400000| Untracked 
|  65|0x00000000a6500000, 0x00000000a6500000, 0x00000000a6600000|  0%| F|  |TAMS 0x00000000a6500000, 0x00000000a6500000| Untracked 
|  66|0x00000000a6600000, 0x00000000a6600000, 0x00000000a6700000|  0%| F|  |TAMS 0x00000000a6600000, 0x00000000a6600000| Untracked 
|  67|0x00000000a6700000, 0x00000000a6700000, 0x00000000a6800000|  0%| F|  |TAMS 0x00000000a6700000, 0x00000000a6700000| Untracked 
|  68|0x00000000a6800000, 0x00000000a6800000, 0x00000000a6900000|  0%| F|  |TAMS 0x00000000a6800000, 0x00000000a6800000| Untracked 
|  69|0x00000000a6900000, 0x00000000a6900000, 0x00000000a6a00000|  0%| F|  |TAMS 0x00000000a6900000, 0x00000000a6900000| Untracked 
|  70|0x00000000a6a00000, 0x00000000a6a00000, 0x00000000a6b00000|  0%| F|  |TAMS 0x00000000a6a00000, 0x00000000a6a00000| Untracked 
|  71|0x00000000a6b00000, 0x00000000a6b00000, 0x00000000a6c00000|  0%| F|  |TAMS 0x00000000a6b00000, 0x00000000a6b00000| Untracked 
|  72|0x00000000a6c00000, 0x00000000a6c00000, 0x00000000a6d00000|  0%| F|  |TAMS 0x00000000a6c00000, 0x00000000a6c00000| Untracked 
|  73|0x00000000a6d00000, 0x00000000a6d00000, 0x00000000a6e00000|  0%| F|  |TAMS 0x00000000a6d00000, 0x00000000a6d00000| Untracked 
|  74|0x00000000a6e00000, 0x00000000a6e00000, 0x00000000a6f00000|  0%| F|  |TAMS 0x00000000a6e00000, 0x00000000a6e00000| Untracked 
|  75|0x00000000a6f00000, 0x00000000a6f00000, 0x00000000a7000000|  0%| F|  |TAMS 0x00000000a6f00000, 0x00000000a6f00000| Untracked 
|  76|0x00000000a7000000, 0x00000000a7000000, 0x00000000a7100000|  0%| F|  |TAMS 0x00000000a7000000, 0x00000000a7000000| Untracked 
|  77|0x00000000a7100000, 0x00000000a7100000, 0x00000000a7200000|  0%| F|  |TAMS 0x00000000a7100000, 0x00000000a7100000| Untracked 
|  78|0x00000000a7200000, 0x00000000a7200000, 0x00000000a7300000|  0%| F|  |TAMS 0x00000000a7200000, 0x00000000a7200000| Untracked 
|  79|0x00000000a7300000, 0x00000000a7300000, 0x00000000a7400000|  0%| F|  |TAMS 0x00000000a7300000, 0x00000000a7300000| Untracked 
|  80|0x00000000a7400000, 0x00000000a7400000, 0x00000000a7500000|  0%| F|  |TAMS 0x00000000a7400000, 0x00000000a7400000| Untracked 
|  81|0x00000000a7500000, 0x00000000a7500000, 0x00000000a7600000|  0%| F|  |TAMS 0x00000000a7500000, 0x00000000a7500000| Untracked 
|  82|0x00000000a7600000, 0x00000000a7600000, 0x00000000a7700000|  0%| F|  |TAMS 0x00000000a7600000, 0x00000000a7600000| Untracked 
|  83|0x00000000a7700000, 0x00000000a7700000, 0x00000000a7800000|  0%| F|  |TAMS 0x00000000a7700000, 0x00000000a7700000| Untracked 
|  84|0x00000000a7800000, 0x00000000a7800000, 0x00000000a7900000|  0%| F|  |TAMS 0x00000000a7800000, 0x00000000a7800000| Untracked 
|  85|0x00000000a7900000, 0x00000000a7900000, 0x00000000a7a00000|  0%| F|  |TAMS 0x00000000a7900000, 0x00000000a7900000| Untracked 
|  86|0x00000000a7a00000, 0x00000000a7a00000, 0x00000000a7b00000|  0%| F|  |TAMS 0x00000000a7a00000, 0x00000000a7a00000| Untracked 
|  87|0x00000000a7b00000, 0x00000000a7b00000, 0x00000000a7c00000|  0%| F|  |TAMS 0x00000000a7b00000, 0x00000000a7b00000| Untracked 
|  88|0x00000000a7c00000, 0x00000000a7c00000, 0x00000000a7d00000|  0%| F|  |TAMS 0x00000000a7c00000, 0x00000000a7c00000| Untracked 
|  89|0x00000000a7d00000, 0x00000000a7d00000, 0x00000000a7e00000|  0%| F|  |TAMS 0x00000000a7d00000, 0x00000000a7d00000| Untracked 
|  90|0x00000000a7e00000, 0x00000000a7e00000, 0x00000000a7f00000|  0%| F|  |TAMS 0x00000000a7e00000, 0x00000000a7e00000| Untracked 
|  91|0x00000000a7f00000, 0x00000000a7f00000, 0x00000000a8000000|  0%| F|  |TAMS 0x00000000a7f00000, 0x00000000a7f00000| Untracked 
|  92|0x00000000a8000000, 0x00000000a80ec0a0, 0x00000000a8100000| 92%| E|  |TAMS 0x00000000a8000000, 0x00000000a8000000| Complete 
|  93|0x00000000a8100000, 0x00000000a8200000, 0x00000000a8200000|100%| E|CS|TAMS 0x00000000a8100000, 0x00000000a8100000| Complete 

Card table byte_map: [0x0000027548a70000,0x0000027548d60000] _byte_map_base: 0x000002754855e000

Marking Bits (Prev, Next): (CMBitMap*) 0x0000027531b2d610, (CMBitMap*) 0x0000027531b2d650
 Prev Bits: [0x0000027549050000, 0x000002754a7c0000)
 Next Bits: [0x000002754a7c0000, 0x000002754bf30000)

Polling page: 0x00000275312a0000

Metaspace:

Usage:
  Non-class:      4.75 MB used.
      Class:    425.12 KB used.
       Both:      5.17 MB used.

Virtual space:
  Non-class space:        8.00 MB reserved,       4.81 MB ( 60%) committed,  1 nodes.
      Class space:        1.00 GB reserved,     512.00 KB ( <1%) committed,  1 nodes.
              Both:        1.01 GB reserved,       5.31 MB ( <1%) committed. 

Chunk freelists:
   Non-Class:  3.00 MB
       Class:  3.56 MB
        Both:  6.56 MB

MaxMetaspaceSize: 17179869184.00 GB
CompressedClassSpaceSize: 1.00 GB
 - commit_granule_bytes: 65536.
 - commit_granule_words: 8192.
 - virtual_space_node_default_size: 1048576.
 - enlarge_chunks_in_place: 1.
 - new_chunks_are_fully_committed: 0.
 - uncommit_free_chunks: 1.
 - use_allocation_guard: 0.
 - handle_deallocations: 1.


Internal statistics:

num_allocs_failed_limit: 0.
num_arena_births: 4.
num_arena_deaths: 0.
num_vsnodes_births: 2.
num_vsnodes_deaths: 0.
num_space_committed: 85.
num_space_uncommitted: 0.
num_chunks_returned_to_freelist: 0.
num_chunks_taken_from_freelist: 8.
num_chunk_merges: 0.
num_chunk_splits: 3.
num_chunks_enlarged: 1.
num_purges: 0.

CodeHeap 'non-profiled nmethods': size=120000Kb used=55Kb max_used=55Kb free=119944Kb
 bounds [0x0000027540d00000, 0x0000027540f70000, 0x0000027548230000]
CodeHeap 'profiled nmethods': size=120000Kb used=199Kb max_used=199Kb free=119800Kb
 bounds [0x00000275397d0000, 0x0000027539a40000, 0x0000027540d00000]
CodeHeap 'non-nmethods': size=5760Kb used=1075Kb max_used=1091Kb free=4684Kb
 bounds [0x0000027539230000, 0x00000275394a0000, 0x00000275397d0000]
 total_blobs=513 nmethods=177 adapters=249
 compilation: enabled
              stopped_count=0, restarted_count=0
 full_count=0

Compilation events (20 events):
Event: 0.136 Thread 0x000002754f43d120 nmethod 169 0x0000027540d0c110 code [0x0000027540d0c2a0, 0x0000027540d0c378]
Event: 0.136 Thread 0x000002754f43d120  170       1       java.lang.module.ModuleDescriptor$Provides::service (5 bytes)
Event: 0.136 Thread 0x000002754f43d120 nmethod 170 0x0000027540d0c410 code [0x0000027540d0c5a0, 0x0000027540d0c678]
Event: 0.136 Thread 0x000002754f43d120  171       3       java.lang.AbstractStringBuilder::isLatin1 (19 bytes)
Event: 0.136 Thread 0x000002754f43d120 nmethod 171 0x00000275397ffb90 code [0x00000275397ffd20, 0x00000275397ffe98]
Event: 0.138 Thread 0x000002754f43d120  172       1       java.net.URL::getFile (5 bytes)
Event: 0.138 Thread 0x000002754f43d120 nmethod 172 0x0000027540d0c710 code [0x0000027540d0c8a0, 0x0000027540d0c978]
Event: 0.139 Thread 0x000002754f43d120  173       3       java.lang.String::indexOf (29 bytes)
Event: 0.140 Thread 0x000002754f43d120 nmethod 173 0x00000275397fff10 code [0x00000275398000e0, 0x0000027539800378]
Event: 0.140 Thread 0x000002754f43d120  174       3       java.lang.StringLatin1::indexOf (36 bytes)
Event: 0.140 Thread 0x000002754f43d120 nmethod 174 0x0000027539800490 code [0x0000027539800660, 0x0000027539800a98]
Event: 0.142 Thread 0x000002754ebce5d0 nmethod 160 0x0000027540d0ca10 code [0x0000027540d0cc00, 0x0000027540d0d558]
Event: 0.142 Thread 0x000002754ebce5d0  161       4       java.util.HashMap::newNode (13 bytes)
Event: 0.143 Thread 0x000002754ebce5d0 nmethod 161 0x0000027540d0da90 code [0x0000027540d0dc20, 0x0000027540d0dd38]
Event: 0.145 Thread 0x000002754f43d120  175       3       java.lang.StringBuilder::append (8 bytes)
Event: 0.145 Thread 0x000002754f43d120 nmethod 175 0x0000027539800c10 code [0x0000027539800dc0, 0x0000027539800f08]
Event: 0.145 Thread 0x000002754f43d120  176       3       java.lang.AbstractStringBuilder::append (77 bytes)
Event: 0.145 Thread 0x000002754f43d120 nmethod 176 0x0000027539800f90 code [0x00000275398011a0, 0x0000027539801828]
Event: 0.146 Thread 0x000002754f43d120  177       3       java.io.WinNTFileSystem::isSlash (18 bytes)
Event: 0.146 Thread 0x000002754f43d120 nmethod 177 0x0000027539801a90 code [0x0000027539801c20, 0x0000027539801db8]

GC Heap History (0 events):
No events

Deoptimization events (0 events):
No events

Classes unloaded (0 events):
No events

Classes redefined (0 events):
No events

Internal exceptions (0 events):
No events

Events (20 events):
Event: 0.147 loading class java/nio/file/FileSystems$DefaultFileSystemHolder$1 done
Event: 0.147 loading class sun/nio/fs/DefaultFileSystemProvider
Event: 0.147 loading class sun/nio/fs/DefaultFileSystemProvider done
Event: 0.147 loading class sun/nio/fs/WindowsFileSystemProvider
Event: 0.147 loading class sun/nio/fs/AbstractFileSystemProvider
Event: 0.147 loading class java/nio/file/spi/FileSystemProvider
Event: 0.147 loading class java/nio/file/spi/FileSystemProvider done
Event: 0.147 loading class sun/nio/fs/AbstractFileSystemProvider done
Event: 0.147 loading class sun/nio/fs/WindowsFileSystemProvider done
Event: 0.147 loading class java/nio/file/StandardOpenOption
Event: 0.147 loading class java/nio/file/OpenOption
Event: 0.147 loading class java/nio/file/OpenOption done
Event: 0.147 loading class java/nio/file/StandardOpenOption done
Event: 0.147 loading class sun/nio/fs/WindowsFileSystem
Event: 0.148 loading class java/nio/file/FileSystem
Event: 0.148 loading class java/nio/file/FileSystem done
Event: 0.148 loading class sun/nio/fs/WindowsFileSystem done
Event: 0.148 loading class java/util/Arrays$ArrayList
Event: 0.148 loading class java/util/Arrays$ArrayList done
Event: 0.148 loading class java/util/Arrays$ArrayItr


Dynamic libraries:
0x00007ff6a9630000 - 0x00007ff6a963e000 	C:\Users\Owner\.jdks\openjdk-16.0.2\bin\java.exe
0x00007fffe82b0000 - 0x00007fffe84a5000 	C:\Windows\SYSTEM32\ntdll.dll
0x00007fffe6490000 - 0x00007fffe654e000 	C:\Windows\System32\KERNEL32.DLL
0x00007fffe5e80000 - 0x00007fffe6149000 	C:\Windows\System32\KERNELBASE.dll
0x00007fffe5c10000 - 0x00007fffe5d10000 	C:\Windows\System32\ucrtbase.dll
0x00007fffe0370000 - 0x00007fffe0388000 	C:\Users\Owner\.jdks\openjdk-16.0.2\bin\jli.dll
0x00007fffe7700000 - 0x00007fffe78a1000 	C:\Windows\System32\USER32.dll
0x00007fffe5b30000 - 0x00007fffe5b52000 	C:\Windows\System32\win32u.dll
0x00007fffe6830000 - 0x00007fffe685b000 	C:\Windows\System32\GDI32.dll
0x00007fffe61f0000 - 0x00007fffe62fb000 	C:\Windows\System32\gdi32full.dll
0x00007fffe6150000 - 0x00007fffe61ed000 	C:\Windows\System32\msvcp_win.dll
0x00007fffe0350000 - 0x00007fffe0369000 	C:\Users\Owner\.jdks\openjdk-16.0.2\bin\VCRUNTIME140.dll
0x00007fffc91f0000 - 0x00007fffc948a000 	C:\Windows\WinSxS\amd64_microsoft.windows.common-controls_6595b64144ccf1df_6.0.19041.1110_none_60b5254171f9507e\COMCTL32.dll
0x00007fffe74c0000 - 0x00007fffe755e000 	C:\Windows\System32\msvcrt.dll
0x00007fffe78b0000 - 0x00007fffe78e0000 	C:\Windows\System32\IMM32.DLL
0x00007fffc90b0000 - 0x00007fffc91e6000 	C:\Program Files (x86)\Citrix\ICA Client\epclient64.dll
0x00007fffe5df0000 - 0x00007fffe5e17000 	C:\Windows\System32\bcrypt.dll
0x00007fffde290000 - 0x00007fffde29a000 	C:\Windows\SYSTEM32\VERSION.dll
0x00007fffe7410000 - 0x00007fffe74bc000 	C:\Windows\System32\ADVAPI32.dll
0x00007fffe7e70000 - 0x00007fffe7f0b000 	C:\Windows\System32\sechost.dll
0x00007fffe75d0000 - 0x00007fffe76fa000 	C:\Windows\System32\RPCRT4.dll
0x00007fffe4700000 - 0x00007fffe4733000 	C:\Windows\SYSTEM32\ntmarta.dll
0x00007fffe0340000 - 0x00007fffe034c000 	C:\Users\Owner\.jdks\openjdk-16.0.2\bin\vcruntime140_1.dll
0x00007fffc6a80000 - 0x00007fffc6b11000 	C:\Users\Owner\.jdks\openjdk-16.0.2\bin\msvcp140.dll
0x00007fffb22b0000 - 0x00007fffb2e5b000 	C:\Users\Owner\.jdks\openjdk-16.0.2\bin\server\jvm.dll
0x00007fffe6b10000 - 0x00007fffe6b18000 	C:\Windows\System32\PSAPI.DLL
0x00007fffcb6b0000 - 0x00007fffcb6b9000 	C:\Windows\SYSTEM32\WSOCK32.dll
0x00007fffe6c60000 - 0x00007fffe6ccb000 	C:\Windows\System32\WS2_32.dll
0x00007fffdac60000 - 0x00007fffdac87000 	C:\Windows\SYSTEM32\WINMM.dll
0x00007fffe4250000 - 0x00007fffe4262000 	C:\Windows\SYSTEM32\kernel.appcore.dll
0x00007fffe01a0000 - 0x00007fffe01aa000 	C:\Users\Owner\.jdks\openjdk-16.0.2\bin\jimage.dll
0x00007fffe3610000 - 0x00007fffe37f4000 	C:\Windows\SYSTEM32\DBGHELP.DLL
0x00007fffd1b70000 - 0x00007fffd1b9c000 	C:\Windows\SYSTEM32\dbgcore.DLL
0x00007fffe5d10000 - 0x00007fffe5d93000 	C:\Windows\System32\bcryptPrimitives.dll
0x00007fffe0190000 - 0x00007fffe019e000 	C:\Users\Owner\.jdks\openjdk-16.0.2\bin\instrument.dll
0x00007fffdf400000 - 0x00007fffdf425000 	C:\Users\Owner\.jdks\openjdk-16.0.2\bin\java.dll
0x00007fffe6cd0000 - 0x00007fffe740f000 	C:\Windows\System32\SHELL32.dll
0x00007fffe3800000 - 0x00007fffe3f90000 	C:\Windows\SYSTEM32\windows.storage.dll
0x00007fffe7f10000 - 0x00007fffe8265000 	C:\Windows\System32\combase.dll
0x00007fffe5350000 - 0x00007fffe537c000 	C:\Windows\SYSTEM32\Wldp.dll
0x000002754f800000 - 0x000002754f8ad000 	C:\Windows\System32\SHCORE.dll
0x00007fffe6430000 - 0x00007fffe6485000 	C:\Windows\System32\shlwapi.dll
0x00007fffe5910000 - 0x00007fffe592f000 	C:\Windows\SYSTEM32\profapi.dll
0x00007fffdf3a0000 - 0x00007fffdf3b8000 	C:\Users\Owner\.jdks\openjdk-16.0.2\bin\zip.dll

dbghelp: loaded successfully - version: 4.0.5 - missing functions: none
symbol engine: initialized successfully - sym options: 0x614 - pdb path: .;C:\Users\Owner\.jdks\openjdk-16.0.2\bin;C:\Windows\SYSTEM32;C:\Windows\WinSxS\amd64_microsoft.windows.common-controls_6595b64144ccf1df_6.0.19041.1110_none_60b5254171f9507e;C:\Program Files (x86)\Citrix\ICA Client;C:\Users\Owner\.jdks\openjdk-16.0.2\bin\server

VM Arguments:
jvm_args: -javaagent:C:\Program Files\JetBrains\IntelliJ IDEA Community Edition 2021.2.3\lib\idea_rt.jar=51823:C:\Program Files\JetBrains\IntelliJ IDEA Community Edition 2021.2.3\bin -Dfile.encoding=UTF-8 
java_command: com.careerdevs.employees.EmployeesApplication
java_class_path (initial): C:\Users\Owner\IdeaProjects\2021_10\employees\target\classes;C:\Users\Owner\.m2\repository\org\springframework\boot\spring-boot-starter-web\2.5.6\spring-boot-starter-web-2.5.6.jar;C:\Users\Owner\.m2\repository\org\springframework\boot\spring-boot-starter\2.5.6\spring-boot-starter-2.5.6.jar;C:\Users\Owner\.m2\repository\org\springframework\boot\spring-boot\2.5.6\spring-boot-2.5.6.jar;C:\Users\Owner\.m2\repository\org\springframework\boot\spring-boot-autoconfigure\2.5.6\spring-boot-autoconfigure-2.5.6.jar;C:\Users\Owner\.m2\repository\org\springframework\boot\spring-boot-starter-logging\2.5.6\spring-boot-starter-logging-2.5.6.jar;C:\Users\Owner\.m2\repository\ch\qos\logback\logback-classic\1.2.6\logback-classic-1.2.6.jar;C:\Users\Owner\.m2\repository\ch\qos\logback\logback-core\1.2.6\logback-core-1.2.6.jar;C:\Users\Owner\.m2\repository\org\apache\logging\log4j\log4j-to-slf4j\2.14.1\log4j-to-slf4j-2.14.1.jar;C:\Users\Owner\.m2\repository\org\apache\logging\log4j\log4j-api\2.14.1\log4j-api-2.14.1.jar;C:\Users\Owner\.m2\repository\org\slf4j\jul-to-slf4j\1.7.32\jul-to-slf4j-1.7.32.jar;C:\Users\Owner\.m2\repository\jakarta\annotation\jakarta.annotation-api\1.3.5\jakarta.annotation-api-1.3.5.jar;C:\Users\Owner\.m2\repository\org\yaml\snakeyaml\1.28\snakeyaml-1.28.jar;C:\Users\Owner\.m2\repository\org\springframework\boot\spring-boot-starter-json\2.5.6\spring-boot-starter-json-2.5.6.jar;C:\Users\Owner\.m2\repository\com\fasterxml\jackson\core\jackson-databind\2.12.5\jackson-databind-2.12.5.jar;C:\Users\Owner\.m2\repository\com\fasterxml\jackson\core\jackson-annotations\2.12.5\jackson-annotations-2.12.5.jar;C:\Users\Owner\.m2\repository\com\fasterxml\jackson\core\jackson-core\2.12.5\jackson-core-2.12.5.jar;C:\Users\Owner\.m2\repository\com\fasterxml\jackson\datatype\jackson-datatype-jdk8\2.12.5\jackson-datatype-jdk8-2.12.5.jar;C:\Users\Owner\.m2\repository\com\fasterxml\jackson\datatype\jackson-datatype-jsr310\2.12.5\jackson-datatype-jsr310-2.12.5
Launcher Type: SUN_STANDARD

[Global flags]
     intx CICompilerCount                          = 4                                         {product} {ergonomic}
     uint ConcGCThreads                            = 3                                         {product} {ergonomic}
     uint G1ConcRefinementThreads                  = 10                                        {product} {ergonomic}
   size_t G1HeapRegionSize                         = 1048576                                   {product} {ergonomic}
    uintx GCDrainStackTargetSize                   = 64                                        {product} {ergonomic}
   size_t InitialHeapSize                          = 98566144                                  {product} {ergonomic}
   size_t MarkStackSize                            = 4194304                                   {product} {ergonomic}
   size_t MaxHeapSize                              = 1572864000                                {product} {ergonomic}
   size_t MaxNewSize                               = 943718400                                 {product} {ergonomic}
   size_t MinHeapDeltaBytes                        = 1048576                                   {product} {ergonomic}
   size_t MinHeapSize                              = 8388608                                   {product} {ergonomic}
    uintx NonNMethodCodeHeapSize                   = 5839372                                {pd product} {ergonomic}
    uintx NonProfiledCodeHeapSize                  = 122909434                              {pd product} {ergonomic}
    uintx ProfiledCodeHeapSize                     = 122909434                              {pd product} {ergonomic}
    uintx ReservedCodeCacheSize                    = 251658240                              {pd product} {ergonomic}
     bool SegmentedCodeCache                       = true                                      {product} {ergonomic}
   size_t SoftMaxHeapSize                          = 1572864000                             {manageable} {ergonomic}
     bool UseCompressedClassPointers               = true                           {product lp64_product} {ergonomic}
     bool UseCompressedOops                        = true                           {product lp64_product} {ergonomic}
     bool UseG1GC                                  = true                                      {product} {ergonomic}
     bool UseLargePagesIndividualAllocation        = false                                  {pd product} {ergonomic}

Logging:
Log output configuration:
 #0: stdout all=warning uptime,level,tags
 #1: stderr all=off uptime,level,tags

Environment Variables:
PATH=C:\Program Files\Eclipse Foundation\jdk-17.0.0.35-hotspot\bin;C:\Windows\system32;C:\Windows;C:\Windows\System32\Wbem;C:\Windows\System32\WindowsPowerShell\v1.0\;C:\Windows\System32\OpenSSH\;C:\Program Files (x86)\NVIDIA Corporation\PhysX\Common;C:\Program Files\NVIDIA Corporation\NVIDIA NvDLISR;C:\Program Files (x86)\nodejs\;C:\Program Files\Git\cmd;C:\Users\Owner\AppData\Local\Microsoft\WindowsApps;;C:\Users\Owner\AppData\Local\Programs\Microsoft VS Code\bin;C:\Users\Owner\AppData\Roaming\npm
USERNAME=Owner
OS=Windows_NT
PROCESSOR_IDENTIFIER=AMD64 Family 25 Model 80 Stepping 0, AuthenticAMD



---------------  S Y S T E M  ---------------

OS:
 Windows 10 , 64 bit Build 19041 (10.0.19041.1202)
OS uptime: 0 days 4:12 hours

CPU: total 12 (initial active 12) (12 cores per cpu, 2 threads per core) family 25 model 80 stepping 0 microcode 0x0, cx8, cmov, fxsr, ht, mmx, 3dnowpref, sse, sse2, sse3, ssse3, sse4a, sse4.1, sse4.2, popcnt, lzcnt, tsc, tscinvbit, avx, avx2, aes, erms, clmul, bmi1, bmi2, adx, sha, fma, vzeroupper, clflush, clflushopt

Memory: 4k page, system-wide physical 5996M (852M free)
TotalPageFile size 24428M (AvailPageFile size 2M)
current process WorkingSet (physical memory assigned to process): 30M, peak: 30M
current process commit charge ("private bytes"): 174M, peak: 175M

vm_info: OpenJDK 64-Bit Server VM (16.0.2+7-67) for windows-amd64 JRE (16.0.2+7-67), built on Jun  8 2021 23:21:43 by "mach5one" with MS VC++ 16.7 (VS2019)

END.
