#
# There is insufficient memory for the Java Runtime Environment to continue.
# Native memory allocation (mmap) failed to map 98566144 bytes for G1 virtual space
# Possible reasons:
#   The system is out of physical RAM or swap space
#   The process is running with CompressedOops enabled, and the Java Heap may be blocking the growth of the native heap
# Possible solutions:
#   Reduce memory load on the system
#   Increase physical memory or swap space
#   Check if swap backing store is full
#   Decrease Java heap size (-Xmx/-Xms)
#   Decrease number of Java threads
#   Decrease Java thread stack sizes (-Xss)
#   Set larger code cache with -XX:ReservedCodeCacheSize=
#   JVM is running with Unscaled Compressed Oops mode in which the Java heap is
#     placed in the first 4GB address space. The Java Heap base address is the
#     maximum limit for the native heap growth. Please use -XX:HeapBaseMinAddress
#     to set the Java Heap base and to place the Java Heap above 4GB virtual address.
# This output file may be truncated or incomplete.
#
#  Out of Memory Error (os_windows.cpp:3466), pid=18480, tid=7212
#
# JRE version:  (16.0.2+7) (build )
# Java VM: OpenJDK 64-Bit Server VM (16.0.2+7-67, mixed mode, sharing, tiered, compressed oops, compressed class ptrs, g1 gc, windows-amd64)
# No core dump will be written. Minidumps are not enabled by default on client versions of Windows
#

---------------  S U M M A R Y ------------

Command Line: -javaagent:C:\Program Files\JetBrains\IntelliJ IDEA Community Edition 2021.2.3\lib\idea_rt.jar=50167:C:\Program Files\JetBrains\IntelliJ IDEA Community Edition 2021.2.3\bin -Dfile.encoding=UTF-8 com.careerdevs.employees.EmployeesApplication

Host: AMD Ryzen 5 5600H with Radeon Graphics         , 12 cores, 5G,  Windows 10 , 64 bit Build 19041 (10.0.19041.1202)
Time: Tue Oct 26 21:14:44 2021 Eastern Daylight Time elapsed time: 0.012243 seconds (0d 0h 0m 0s)

---------------  T H R E A D  ---------------

Current thread (0x000001f08fd64d50):  JavaThread "Unknown thread" [_thread_in_vm, id=7212, stack(0x0000001391a00000,0x0000001391b00000)]

Stack: [0x0000001391a00000,0x0000001391b00000]
Native frames: (J=compiled Java code, j=interpreted, Vv=VM code, C=native code)
V  [jvm.dll+0x6681ca]
V  [jvm.dll+0x7c9e69]
V  [jvm.dll+0x7cb61e]
V  [jvm.dll+0x7cbc73]
V  [jvm.dll+0x242c55]
V  [jvm.dll+0x664f89]
V  [jvm.dll+0x659b75]
V  [jvm.dll+0x2fbfbb]
V  [jvm.dll+0x3031b6]
V  [jvm.dll+0x35299e]
V  [jvm.dll+0x352bcf]
V  [jvm.dll+0x2d3028]
V  [jvm.dll+0x2d4264]
V  [jvm.dll+0x79c741]
V  [jvm.dll+0x360791]
V  [jvm.dll+0x77a3f0]
V  [jvm.dll+0x3e4e8f]
V  [jvm.dll+0x3e6961]
C  [jli.dll+0x52fb]
C  [ucrtbase.dll+0x21bb2]
C  [KERNEL32.DLL+0x17034]
C  [ntdll.dll+0x52651]


---------------  P R O C E S S  ---------------

Threads class SMR info:
_java_thread_list=0x00007fffb18acbb8, length=0, elements={
}

Java Threads: ( => current thread )

Other Threads:
  0x000001f08fd9d370 GCTaskThread "GC Thread#0" [stack: 0x0000001391b00000,0x0000001391c00000] [id=20388]
  0x000001f08fda9ff0 ConcurrentGCThread "G1 Main Marker" [stack: 0x0000001391c00000,0x0000001391d00000] [id=18136]
  0x000001f08fdab110 ConcurrentGCThread "G1 Conc#0" [stack: 0x0000001391d00000,0x0000001391e00000] [id=12180]

[error occurred during error reporting (printing all threads), id 0xc0000005, EXCEPTION_ACCESS_VIOLATION (0xc0000005) at pc=0x00007fffb1083ee7]

VM state: not at safepoint (not fully initialized)

VM Mutex/Monitor currently owned by a thread:  ([mutex/lock_event])
[0x000001f08fd62130] Heap_lock - owner thread: 0x000001f08fd64d50

Heap address: 0x00000000a2400000, size: 1500 MB, Compressed Oops mode: 32-bit

CDS archive(s) mapped at: [0x0000000000000000-0x0000000000000000-0x0000000000000000), size 0, SharedBaseAddress: 0x0000000800000000, ArchiveRelocationMode: 0.
Narrow klass base: 0x0000000000000000, Narrow klass shift: 0, Narrow klass range: 0x0

GC Precious Log:
<Empty>

Heap:
 garbage-first heap   total 0K, used 0K [0x00000000a2400000, 0x0000000100000000)
  region size 1024K, 0 young (0K), 0 survivors (0K)

[error occurred during error reporting (printing heap information), id 0xc0000005, EXCEPTION_ACCESS_VIOLATION (0xc0000005) at pc=0x00007fffb1461eed]

GC Heap History (0 events):
No events

Deoptimization events (0 events):
No events

Classes unloaded (0 events):
No events

Classes redefined (0 events):
No events

Internal exceptions (0 events):
No events

Events (1 events):
Event: 0.008 Loaded shared library C:\Users\Owner\.jdks\openjdk-16.0.2\bin\java.dll


Dynamic libraries:
0x00007ff6a9630000 - 0x00007ff6a963e000 	C:\Users\Owner\.jdks\openjdk-16.0.2\bin\java.exe
0x00007fffe82b0000 - 0x00007fffe84a5000 	C:\Windows\SYSTEM32\ntdll.dll
0x00007fffe6490000 - 0x00007fffe654e000 	C:\Windows\System32\KERNEL32.DLL
0x00007fffe5e80000 - 0x00007fffe6149000 	C:\Windows\System32\KERNELBASE.dll
0x00007fffe5c10000 - 0x00007fffe5d10000 	C:\Windows\System32\ucrtbase.dll
0x00007fffc55f0000 - 0x00007fffc5608000 	C:\Users\Owner\.jdks\openjdk-16.0.2\bin\jli.dll
0x00007fffe7700000 - 0x00007fffe78a1000 	C:\Windows\System32\USER32.dll
0x00007fffe5b30000 - 0x00007fffe5b52000 	C:\Windows\System32\win32u.dll
0x00007fffe6830000 - 0x00007fffe685b000 	C:\Windows\System32\GDI32.dll
0x00007fffe61f0000 - 0x00007fffe62fb000 	C:\Windows\System32\gdi32full.dll
0x00007fffe6150000 - 0x00007fffe61ed000 	C:\Windows\System32\msvcp_win.dll
0x00007fffc55d0000 - 0x00007fffc55e9000 	C:\Users\Owner\.jdks\openjdk-16.0.2\bin\VCRUNTIME140.dll
0x00007fffc91f0000 - 0x00007fffc948a000 	C:\Windows\WinSxS\amd64_microsoft.windows.common-controls_6595b64144ccf1df_6.0.19041.1110_none_60b5254171f9507e\COMCTL32.dll
0x00007fffe74c0000 - 0x00007fffe755e000 	C:\Windows\System32\msvcrt.dll
0x00007fffe78b0000 - 0x00007fffe78e0000 	C:\Windows\System32\IMM32.DLL
0x00007fffc90b0000 - 0x00007fffc91e6000 	C:\Program Files (x86)\Citrix\ICA Client\epclient64.dll
0x00007fffe5df0000 - 0x00007fffe5e17000 	C:\Windows\System32\bcrypt.dll
0x00007fffde290000 - 0x00007fffde29a000 	C:\Windows\SYSTEM32\VERSION.dll
0x00007fffe7410000 - 0x00007fffe74bc000 	C:\Windows\System32\ADVAPI32.dll
0x00007fffe7e70000 - 0x00007fffe7f0b000 	C:\Windows\System32\sechost.dll
0x00007fffe75d0000 - 0x00007fffe76fa000 	C:\Windows\System32\RPCRT4.dll
0x00007fffe4700000 - 0x00007fffe4733000 	C:\Windows\SYSTEM32\ntmarta.dll
0x00007fffcd170000 - 0x00007fffcd17c000 	C:\Users\Owner\.jdks\openjdk-16.0.2\bin\vcruntime140_1.dll
0x00007fffb1f80000 - 0x00007fffb2011000 	C:\Users\Owner\.jdks\openjdk-16.0.2\bin\msvcp140.dll
0x00007fffb0da0000 - 0x00007fffb194b000 	C:\Users\Owner\.jdks\openjdk-16.0.2\bin\server\jvm.dll
0x00007fffe6b10000 - 0x00007fffe6b18000 	C:\Windows\System32\PSAPI.DLL
0x00007fffcb6b0000 - 0x00007fffcb6b9000 	C:\Windows\SYSTEM32\WSOCK32.dll
0x00007fffe6c60000 - 0x00007fffe6ccb000 	C:\Windows\System32\WS2_32.dll
0x00007fffdac60000 - 0x00007fffdac87000 	C:\Windows\SYSTEM32\WINMM.dll
0x00007fffe4250000 - 0x00007fffe4262000 	C:\Windows\SYSTEM32\kernel.appcore.dll
0x00007fffc55c0000 - 0x00007fffc55ca000 	C:\Users\Owner\.jdks\openjdk-16.0.2\bin\jimage.dll
0x00007fffe3610000 - 0x00007fffe37f4000 	C:\Windows\SYSTEM32\DBGHELP.DLL
0x00007fffd1b70000 - 0x00007fffd1b9c000 	C:\Windows\SYSTEM32\dbgcore.DLL
0x00007fffe5d10000 - 0x00007fffe5d93000 	C:\Windows\System32\bcryptPrimitives.dll
0x00007fffc55b0000 - 0x00007fffc55be000 	C:\Users\Owner\.jdks\openjdk-16.0.2\bin\instrument.dll
0x00007fffc1a20000 - 0x00007fffc1a45000 	C:\Users\Owner\.jdks\openjdk-16.0.2\bin\java.dll

dbghelp: loaded successfully - version: 4.0.5 - missing functions: none
symbol engine: initialized successfully - sym options: 0x614 - pdb path: .;C:\Users\Owner\.jdks\openjdk-16.0.2\bin;C:\Windows\SYSTEM32;C:\Windows\WinSxS\amd64_microsoft.windows.common-controls_6595b64144ccf1df_6.0.19041.1110_none_60b5254171f9507e;C:\Program Files (x86)\Citrix\ICA Client;C:\Users\Owner\.jdks\openjdk-16.0.2\bin\server

VM Arguments:
jvm_args: -javaagent:C:\Program Files\JetBrains\IntelliJ IDEA Community Edition 2021.2.3\lib\idea_rt.jar=50167:C:\Program Files\JetBrains\IntelliJ IDEA Community Edition 2021.2.3\bin -Dfile.encoding=UTF-8 
java_command: com.careerdevs.employees.EmployeesApplication
java_class_path (initial): C:\Users\Owner\IdeaProjects\2021_10\employees\target\classes;C:\Users\Owner\.m2\repository\org\springframework\boot\spring-boot-starter-web\2.5.6\spring-boot-starter-web-2.5.6.jar;C:\Users\Owner\.m2\repository\org\springframework\boot\spring-boot-starter\2.5.6\spring-boot-starter-2.5.6.jar;C:\Users\Owner\.m2\repository\org\springframework\boot\spring-boot\2.5.6\spring-boot-2.5.6.jar;C:\Users\Owner\.m2\repository\org\springframework\boot\spring-boot-autoconfigure\2.5.6\spring-boot-autoconfigure-2.5.6.jar;C:\Users\Owner\.m2\repository\org\springframework\boot\spring-boot-starter-logging\2.5.6\spring-boot-starter-logging-2.5.6.jar;C:\Users\Owner\.m2\repository\ch\qos\logback\logback-classic\1.2.6\logback-classic-1.2.6.jar;C:\Users\Owner\.m2\repository\ch\qos\logback\logback-core\1.2.6\logback-core-1.2.6.jar;C:\Users\Owner\.m2\repository\org\apache\logging\log4j\log4j-to-slf4j\2.14.1\log4j-to-slf4j-2.14.1.jar;C:\Users\Owner\.m2\repository\org\apache\logging\log4j\log4j-api\2.14.1\log4j-api-2.14.1.jar;C:\Users\Owner\.m2\repository\org\slf4j\jul-to-slf4j\1.7.32\jul-to-slf4j-1.7.32.jar;C:\Users\Owner\.m2\repository\jakarta\annotation\jakarta.annotation-api\1.3.5\jakarta.annotation-api-1.3.5.jar;C:\Users\Owner\.m2\repository\org\yaml\snakeyaml\1.28\snakeyaml-1.28.jar;C:\Users\Owner\.m2\repository\org\springframework\boot\spring-boot-starter-json\2.5.6\spring-boot-starter-json-2.5.6.jar;C:\Users\Owner\.m2\repository\com\fasterxml\jackson\core\jackson-databind\2.12.5\jackson-databind-2.12.5.jar;C:\Users\Owner\.m2\repository\com\fasterxml\jackson\core\jackson-annotations\2.12.5\jackson-annotations-2.12.5.jar;C:\Users\Owner\.m2\repository\com\fasterxml\jackson\core\jackson-core\2.12.5\jackson-core-2.12.5.jar;C:\Users\Owner\.m2\repository\com\fasterxml\jackson\datatype\jackson-datatype-jdk8\2.12.5\jackson-datatype-jdk8-2.12.5.jar;C:\Users\Owner\.m2\repository\com\fasterxml\jackson\datatype\jackson-datatype-jsr310\2.12.5\jackson-datatype-jsr310-2.12.5
Launcher Type: SUN_STANDARD

[Global flags]
     intx CICompilerCount                          = 4                                         {product} {ergonomic}
     uint ConcGCThreads                            = 3                                         {product} {ergonomic}
     uint G1ConcRefinementThreads                  = 10                                        {product} {ergonomic}
   size_t G1HeapRegionSize                         = 1048576                                   {product} {ergonomic}
    uintx GCDrainStackTargetSize                   = 64                                        {product} {ergonomic}
   size_t InitialHeapSize                          = 98566144                                  {product} {ergonomic}
   size_t MarkStackSize                            = 4194304                                   {product} {ergonomic}
   size_t MaxHeapSize                              = 1572864000                                {product} {ergonomic}
   size_t MinHeapDeltaBytes                        = 1048576                                   {product} {ergonomic}
   size_t MinHeapSize                              = 8388608                                   {product} {ergonomic}
    uintx NonNMethodCodeHeapSize                   = 5839372                                {pd product} {ergonomic}
    uintx NonProfiledCodeHeapSize                  = 122909434                              {pd product} {ergonomic}
    uintx ProfiledCodeHeapSize                     = 122909434                              {pd product} {ergonomic}
    uintx ReservedCodeCacheSize                    = 251658240                              {pd product} {ergonomic}
     bool SegmentedCodeCache                       = true                                      {product} {ergonomic}
   size_t SoftMaxHeapSize                          = 1572864000                             {manageable} {ergonomic}
     bool UseCompressedClassPointers               = true                           {product lp64_product} {ergonomic}
     bool UseCompressedOops                        = true                           {product lp64_product} {ergonomic}
     bool UseG1GC                                  = true                                      {product} {ergonomic}
     bool UseLargePagesIndividualAllocation        = false                                  {pd product} {ergonomic}

Logging:
Log output configuration:
 #0: stdout all=warning uptime,level,tags
 #1: stderr all=off uptime,level,tags

Environment Variables:
PATH=C:\Program Files\Eclipse Foundation\jdk-17.0.0.35-hotspot\bin;C:\Windows\system32;C:\Windows;C:\Windows\System32\Wbem;C:\Windows\System32\WindowsPowerShell\v1.0\;C:\Windows\System32\OpenSSH\;C:\Program Files (x86)\NVIDIA Corporation\PhysX\Common;C:\Program Files\NVIDIA Corporation\NVIDIA NvDLISR;C:\Program Files (x86)\nodejs\;C:\Program Files\Git\cmd;C:\Users\Owner\AppData\Local\Microsoft\WindowsApps;;C:\Users\Owner\AppData\Local\Programs\Microsoft VS Code\bin;C:\Users\Owner\AppData\Roaming\npm
USERNAME=Owner
OS=Windows_NT
PROCESSOR_IDENTIFIER=AMD64 Family 25 Model 80 Stepping 0, AuthenticAMD



---------------  S Y S T E M  ---------------

OS:
 Windows 10 , 64 bit Build 19041 (10.0.19041.1202)
OS uptime: 0 days 4:14 hours

CPU: total 12 (initial active 12) (12 cores per cpu, 2 threads per core) family 25 model 80 stepping 0 microcode 0x0, cx8, cmov, fxsr, ht, mmx, 3dnowpref, sse, sse2, sse3, ssse3, sse4a, sse4.1, sse4.2, popcnt, lzcnt, tsc, tscinvbit, avx, avx2, aes, erms, clmul, bmi1, bmi2, adx, sha, fma, vzeroupper, clflush, clflushopt

Memory: 4k page, system-wide physical 5996M (818M free)
TotalPageFile size 24428M (AvailPageFile size 69M)
current process WorkingSet (physical memory assigned to process): 11M, peak: 11M
current process commit charge ("private bytes"): 65M, peak: 159M

vm_info: OpenJDK 64-Bit Server VM (16.0.2+7-67) for windows-amd64 JRE (16.0.2+7-67), built on Jun  8 2021 23:21:43 by "mach5one" with MS VC++ 16.7 (VS2019)

END.
