#
# There is insufficient memory for the Java Runtime Environment to continue.
# Native memory allocation (malloc) failed to allocate 2055696 bytes for Chunk::new
# Possible reasons:
#   The system is out of physical RAM or swap space
#   The process is running with CompressedOops enabled, and the Java Heap may be blocking the growth of the native heap
# Possible solutions:
#   Reduce memory load on the system
#   Increase physical memory or swap space
#   Check if swap backing store is full
#   Decrease Java heap size (-Xmx/-Xms)
#   Decrease number of Java threads
#   Decrease Java thread stack sizes (-Xss)
#   Set larger code cache with -XX:ReservedCodeCacheSize=
#   JVM is running with Unscaled Compressed Oops mode in which the Java heap is
#     placed in the first 4GB address space. The Java Heap base address is the
#     maximum limit for the native heap growth. Please use -XX:HeapBaseMinAddress
#     to set the Java Heap base and to place the Java Heap above 4GB virtual address.
# This output file may be truncated or incomplete.
#
#  Out of Memory Error (arena.cpp:195), pid=20040, tid=17708
#
# JRE version: OpenJDK Runtime Environment (16.0.2+7) (build 16.0.2+7-67)
# Java VM: OpenJDK 64-Bit Server VM (16.0.2+7-67, mixed mode, sharing, tiered, compressed oops, compressed class ptrs, g1 gc, windows-amd64)
# No core dump will be written. Minidumps are not enabled by default on client versions of Windows
#

---------------  S U M M A R Y ------------

Command Line: -javaagent:C:\Program Files\JetBrains\IntelliJ IDEA Community Edition 2021.2.3\lib\idea_rt.jar=58327:C:\Program Files\JetBrains\IntelliJ IDEA Community Edition 2021.2.3\bin -Dfile.encoding=UTF-8 com.careerdevs.employees.EmployeesApplication

Host: AMD Ryzen 5 5600H with Radeon Graphics         , 12 cores, 5G,  Windows 10 , 64 bit Build 19041 (10.0.19041.1202)
Time: Tue Oct 26 21:12:37 2021 Eastern Daylight Time elapsed time: 1.562236 seconds (0d 0h 0m 1s)

---------------  T H R E A D  ---------------

Current thread (0x000001e530ac10a0):  JavaThread "C2 CompilerThread1" daemon [_thread_in_native, id=17708, stack(0x0000008c18000000,0x0000008c18100000)]


Current CompileTask:
C2:   1562 2827       4       org.springframework.boot.context.properties.source.ConfigurationPropertyName$ElementsParser::parse (234 bytes)

Stack: [0x0000008c18000000,0x0000008c18100000]
Native frames: (J=compiled Java code, j=interpreted, Vv=VM code, C=native code)
V  [jvm.dll+0x6681ca]
V  [jvm.dll+0x7c9e69]
V  [jvm.dll+0x7cb61e]
V  [jvm.dll+0x7cbc73]
V  [jvm.dll+0x242c55]
V  [jvm.dll+0xadeba]
V  [jvm.dll+0xae45c]
V  [jvm.dll+0x35a8d7]
V  [jvm.dll+0x324de1]
V  [jvm.dll+0x32428a]
V  [jvm.dll+0x215cec]
V  [jvm.dll+0x215100]
V  [jvm.dll+0x1a1beb]
V  [jvm.dll+0x225158]
V  [jvm.dll+0x22319c]
V  [jvm.dll+0x77fa62]
V  [jvm.dll+0x7795aa]
V  [jvm.dll+0x667066]
C  [ucrtbase.dll+0x21bb2]
C  [KERNEL32.DLL+0x17034]
C  [ntdll.dll+0x52651]


---------------  P R O C E S S  ---------------

Threads class SMR info:
_java_thread_list=0x000001e531bff960, length=15, elements={
0x000001e512944f10, 0x000001e52f9b0950, 0x000001e52f9b36d0, 0x000001e52f9bd7c0,
0x000001e52f9c06e0, 0x000001e52f9c2900, 0x000001e52f9c9420, 0x000001e52f9ed660,
0x000001e52f9f80c0, 0x000001e52fa02ef0, 0x000001e52f98d620, 0x000001e53052dbf0,
0x000001e5305a7430, 0x000001e530ac10a0, 0x000001e530abf4d0
}

Java Threads: ( => current thread )
  0x000001e512944f10 JavaThread "main" [_thread_blocked, id=9520, stack(0x0000008c16c00000,0x0000008c16d00000)]
  0x000001e52f9b0950 JavaThread "Reference Handler" daemon [_thread_blocked, id=2284, stack(0x0000008c17300000,0x0000008c17400000)]
  0x000001e52f9b36d0 JavaThread "Finalizer" daemon [_thread_blocked, id=9744, stack(0x0000008c17400000,0x0000008c17500000)]
  0x000001e52f9bd7c0 JavaThread "Signal Dispatcher" daemon [_thread_blocked, id=1640, stack(0x0000008c17500000,0x0000008c17600000)]
  0x000001e52f9c06e0 JavaThread "Attach Listener" daemon [_thread_blocked, id=19536, stack(0x0000008c17600000,0x0000008c17700000)]
  0x000001e52f9c2900 JavaThread "Service Thread" daemon [_thread_blocked, id=4532, stack(0x0000008c17700000,0x0000008c17800000)]
  0x000001e52f9c9420 JavaThread "Monitor Deflation Thread" daemon [_thread_blocked, id=18268, stack(0x0000008c17800000,0x0000008c17900000)]
  0x000001e52f9ed660 JavaThread "C2 CompilerThread0" daemon [_thread_in_native, id=4516, stack(0x0000008c17900000,0x0000008c17a00000)]
  0x000001e52f9f80c0 JavaThread "C1 CompilerThread0" daemon [_thread_blocked, id=8812, stack(0x0000008c17a00000,0x0000008c17b00000)]
  0x000001e52fa02ef0 JavaThread "Sweeper thread" daemon [_thread_blocked, id=19448, stack(0x0000008c17b00000,0x0000008c17c00000)]
  0x000001e52f98d620 JavaThread "Common-Cleaner" daemon [_thread_blocked, id=4636, stack(0x0000008c17c00000,0x0000008c17d00000)]
  0x000001e53052dbf0 JavaThread "Monitor Ctrl-Break" daemon [_thread_in_native, id=11112, stack(0x0000008c17d00000,0x0000008c17e00000)]
  0x000001e5305a7430 JavaThread "Notification Thread" daemon [_thread_blocked, id=18752, stack(0x0000008c17e00000,0x0000008c17f00000)]
=>0x000001e530ac10a0 JavaThread "C2 CompilerThread1" daemon [_thread_in_native, id=17708, stack(0x0000008c18000000,0x0000008c18100000)]
  0x000001e530abf4d0 JavaThread "C2 CompilerThread2" daemon [_thread_in_vm, id=8284, stack(0x0000008c18a00000,0x0000008c18b00000)]

Other Threads:
  0x000001e52f9a7cc0 VMThread "VM Thread" [stack: 0x0000008c17200000,0x0000008c17300000] [id=12088]
  0x000001e512945f10 WatcherThread [stack: 0x0000008c17f00000,0x0000008c18000000] [id=9908]
  0x000001e51297cfa0 GCTaskThread "GC Thread#0" [stack: 0x0000008c16d00000,0x0000008c16e00000] [id=16824]
  0x000001e5311b4790 GCTaskThread "GC Thread#1" [stack: 0x0000008c18100000,0x0000008c18200000] [id=18900]
  0x000001e530d90080 GCTaskThread "GC Thread#2" [stack: 0x0000008c18200000,0x0000008c18300000] [id=11576]
  0x000001e53110ba70 GCTaskThread "GC Thread#3" [stack: 0x0000008c18300000,0x0000008c18400000] [id=18836]
  0x000001e5311b4aa0 GCTaskThread "GC Thread#4" [stack: 0x0000008c18400000,0x0000008c18500000] [id=19528]
  0x000001e530e76940 GCTaskThread "GC Thread#5" [stack: 0x0000008c18500000,0x0000008c18600000] [id=9608]
  0x000001e530e76c50 GCTaskThread "GC Thread#6" [stack: 0x0000008c18600000,0x0000008c18700000] [id=18812]
  0x000001e5310e5c50 GCTaskThread "GC Thread#7" [stack: 0x0000008c18700000,0x0000008c18800000] [id=19404]
  0x000001e531304880 GCTaskThread "GC Thread#8" [stack: 0x0000008c18800000,0x0000008c18900000] [id=6472]
  0x000001e5313dff70 GCTaskThread "GC Thread#9" [stack: 0x0000008c18900000,0x0000008c18a00000] [id=16832]
  0x000001e512989d10 ConcurrentGCThread "G1 Main Marker" [stack: 0x0000008c16e00000,0x0000008c16f00000] [id=20060]
  0x000001e51298b2f0 ConcurrentGCThread "G1 Conc#0" [stack: 0x0000008c16f00000,0x0000008c17000000] [id=5828]
  0x000001e53319a9d0 ConcurrentGCThread "G1 Conc#1" [stack: 0x0000008c18b00000,0x0000008c18c00000] [id=16068]
  0x000001e53319ace0 ConcurrentGCThread "G1 Conc#2" [stack: 0x0000008c18c00000,0x0000008c18d00000] [id=15208]
  0x000001e52f850090 ConcurrentGCThread "G1 Refine#0" [stack: 0x0000008c17000000,0x0000008c17100000] [id=13900]
  0x000001e52f850b10 ConcurrentGCThread "G1 Service" [stack: 0x0000008c17100000,0x0000008c17200000] [id=5792]

Threads with active compile tasks:
C2 CompilerThread0     1585 2779       4       java.lang.invoke.MethodType::makeImpl (108 bytes)
C2 CompilerThread1     1585 2827       4       org.springframework.boot.context.properties.source.ConfigurationPropertyName$ElementsParser::parse (234 bytes)
C2 CompilerThread2     1585 2865       4       java.util.Properties::loadConvert (544 bytes)

VM state: not at safepoint (normal execution)

VM Mutex/Monitor currently owned by a thread:  ([mutex/lock_event])
[0x000001e51060e500] Uncommit_lock - owner thread: 0x000001e52f850b10
[0x000001e512941cc0] Heap_lock - owner thread: 0x000001e512989d10

Heap address: 0x00000000a2400000, size: 1500 MB, Compressed Oops mode: 32-bit

CDS archive(s) mapped at: [0x0000000800000000-0x0000000800bb0000-0x0000000800bb0000), size 12255232, SharedBaseAddress: 0x0000000800000000, ArchiveRelocationMode: 0.
Compressed class space mapped at: 0x0000000800c00000-0x0000000840c00000, reserved size: 1073741824
Narrow klass base: 0x0000000800000000, Narrow klass shift: 3, Narrow klass range: 0x100000000

GC Precious Log:
 CPUs: 12 total, 12 available
 Memory: 5996M
 Large Page Support: Disabled
 NUMA Support: Disabled
 Compressed Oops: Enabled (32-bit)
 Heap Region Size: 1M
 Heap Min Capacity: 8M
 Heap Initial Capacity: 94M
 Heap Max Capacity: 1500M
 Pre-touch: Disabled
 Parallel Workers: 10
 Concurrent Workers: 3
 Concurrent Refinement Workers: 10
 Periodic GC: Disabled

Heap:
 garbage-first heap   total 37888K, used 9242K [0x00000000a2400000, 0x0000000100000000)
  region size 1024K, 6 young (6144K), 5 survivors (5120K)
 Metaspace       used 21036K, committed 21312K, reserved 1073152K
  class space    used 2592K, committed 2752K, reserved 1048576K

Heap Regions: E=young(eden), S=young(survivor), O=old, HS=humongous(starts), HC=humongous(continues), CS=collection set, F=free, OA=open archive, CA=closed archive, TAMS=top-at-mark-start (previous, next)
|   0|0x00000000a2400000, 0x00000000a2500000, 0x00000000a2500000|100%| O|  |TAMS 0x00000000a2500000, 0x00000000a2400000| Updating 
|   1|0x00000000a2500000, 0x00000000a2600000, 0x00000000a2600000|100%| O|  |TAMS 0x00000000a2600000, 0x00000000a2500000| Updating 
|   2|0x00000000a2600000, 0x00000000a2700000, 0x00000000a2700000|100%| O|  |TAMS 0x00000000a2700000, 0x00000000a2600000| Updating 
|   3|0x00000000a2700000, 0x00000000a2800000, 0x00000000a2800000|100%| O|  |TAMS 0x00000000a2800000, 0x00000000a2700000| Updating 
|   4|0x00000000a2800000, 0x00000000a289ec00, 0x00000000a2900000| 62%| O|  |TAMS 0x00000000a289ec00, 0x00000000a2800000| Updating 
|   5|0x00000000a2900000, 0x00000000a2900000, 0x00000000a2a00000|  0%| F|  |TAMS 0x00000000a2900000, 0x00000000a2900000| Untracked 
|   6|0x00000000a2a00000, 0x00000000a2a00000, 0x00000000a2b00000|  0%| F|  |TAMS 0x00000000a2a00000, 0x00000000a2a00000| Untracked 
|   7|0x00000000a2b00000, 0x00000000a2b00000, 0x00000000a2c00000|  0%| F|  |TAMS 0x00000000a2b00000, 0x00000000a2b00000| Untracked 
|   8|0x00000000a2c00000, 0x00000000a2c00000, 0x00000000a2d00000|  0%| F|  |TAMS 0x00000000a2c00000, 0x00000000a2c00000| Untracked 
|   9|0x00000000a2d00000, 0x00000000a2d00000, 0x00000000a2e00000|  0%| F|  |TAMS 0x00000000a2d00000, 0x00000000a2d00000| Untracked 
|  10|0x00000000a2e00000, 0x00000000a2e00000, 0x00000000a2f00000|  0%| F|  |TAMS 0x00000000a2e00000, 0x00000000a2e00000| Untracked 
|  11|0x00000000a2f00000, 0x00000000a2f00000, 0x00000000a3000000|  0%| F|  |TAMS 0x00000000a2f00000, 0x00000000a2f00000| Untracked 
|  12|0x00000000a3000000, 0x00000000a3000000, 0x00000000a3100000|  0%| F|  |TAMS 0x00000000a3000000, 0x00000000a3000000| Untracked 
|  13|0x00000000a3100000, 0x00000000a3100000, 0x00000000a3200000|  0%| F|  |TAMS 0x00000000a3100000, 0x00000000a3100000| Untracked 
|  14|0x00000000a3200000, 0x00000000a3200000, 0x00000000a3300000|  0%| F|  |TAMS 0x00000000a3200000, 0x00000000a3200000| Untracked 
|  15|0x00000000a3300000, 0x00000000a3300000, 0x00000000a3400000|  0%| F|  |TAMS 0x00000000a3300000, 0x00000000a3300000| Untracked 
|  16|0x00000000a3400000, 0x00000000a3400000, 0x00000000a3500000|  0%| F|  |TAMS 0x00000000a3400000, 0x00000000a3400000| Untracked 
|  17|0x00000000a3500000, 0x00000000a3500000, 0x00000000a3600000|  0%| F|  |TAMS 0x00000000a3500000, 0x00000000a3500000| Untracked 
|  18|0x00000000a3600000, 0x00000000a3600000, 0x00000000a3700000|  0%| F|  |TAMS 0x00000000a3600000, 0x00000000a3600000| Untracked 
|  19|0x00000000a3700000, 0x00000000a3700000, 0x00000000a3800000|  0%| F|  |TAMS 0x00000000a3700000, 0x00000000a3700000| Untracked 
|  20|0x00000000a3800000, 0x00000000a3800000, 0x00000000a3900000|  0%| F|  |TAMS 0x00000000a3800000, 0x00000000a3800000| Untracked 
|  21|0x00000000a3900000, 0x00000000a3900000, 0x00000000a3a00000|  0%| F|  |TAMS 0x00000000a3900000, 0x00000000a3900000| Untracked 
|  22|0x00000000a3a00000, 0x00000000a3a00000, 0x00000000a3b00000|  0%| F|  |TAMS 0x00000000a3a00000, 0x00000000a3a00000| Untracked 
|  23|0x00000000a3b00000, 0x00000000a3b00000, 0x00000000a3c00000|  0%| F|  |TAMS 0x00000000a3b00000, 0x00000000a3b00000| Untracked 
|  24|0x00000000a3c00000, 0x00000000a3c00000, 0x00000000a3d00000|  0%| F|  |TAMS 0x00000000a3c00000, 0x00000000a3c00000| Untracked 
|  25|0x00000000a3d00000, 0x00000000a3d00000, 0x00000000a3e00000|  0%| F|  |TAMS 0x00000000a3d00000, 0x00000000a3d00000| Untracked 
|  26|0x00000000a3e00000, 0x00000000a3e00000, 0x00000000a3f00000|  0%| F|  |TAMS 0x00000000a3e00000, 0x00000000a3e00000| Untracked 
|  27|0x00000000a3f00000, 0x00000000a3f00000, 0x00000000a4000000|  0%| F|  |TAMS 0x00000000a3f00000, 0x00000000a3f00000| Untracked 
|  28|0x00000000a4000000, 0x00000000a4000000, 0x00000000a4100000|  0%| F|  |TAMS 0x00000000a4000000, 0x00000000a4000000| Untracked 
|  29|0x00000000a4100000, 0x00000000a4100000, 0x00000000a4200000|  0%| F|  |TAMS 0x00000000a4100000, 0x00000000a4100000| Untracked 
|  30|0x00000000a4200000, 0x00000000a4200000, 0x00000000a4300000|  0%| F|  |TAMS 0x00000000a4200000, 0x00000000a4200000| Untracked 
|  52|0x00000000a5800000, 0x00000000a5867dd0, 0x00000000a5900000| 40%| S|CS|TAMS 0x00000000a5800000, 0x00000000a5800000| Complete 
|  53|0x00000000a5900000, 0x00000000a5a00000, 0x00000000a5a00000|100%| S|CS|TAMS 0x00000000a5900000, 0x00000000a5900000| Complete 
|  54|0x00000000a5a00000, 0x00000000a5b00000, 0x00000000a5b00000|100%| S|CS|TAMS 0x00000000a5a00000, 0x00000000a5a00000| Complete 
|  55|0x00000000a5b00000, 0x00000000a5c00000, 0x00000000a5c00000|100%| S|CS|TAMS 0x00000000a5b00000, 0x00000000a5b00000| Complete 
|  56|0x00000000a5c00000, 0x00000000a5d00000, 0x00000000a5d00000|100%| S|CS|TAMS 0x00000000a5c00000, 0x00000000a5c00000| Complete 
|  93|0x00000000a8100000, 0x00000000a8180000, 0x00000000a8200000| 50%| E|  |TAMS 0x00000000a8100000, 0x00000000a8100000| Complete 

Card table byte_map: [0x000001e5298d0000,0x000001e529bc0000] _byte_map_base: 0x000001e5293be000

Marking Bits (Prev, Next): (CMBitMap*) 0x000001e51297d650, (CMBitMap*) 0x000001e51297d610
 Prev Bits: [0x000001e52b620000, 0x000001e52cd90000)
 Next Bits: [0x000001e529eb0000, 0x000001e52b620000)

Polling page: 0x000001e5120f0000

Metaspace:

Usage:
  Non-class:     18.03 MB used.
      Class:      2.54 MB used.
       Both:     20.56 MB used.

Virtual space:
  Non-class space:       24.00 MB reserved,      18.12 MB ( 76%) committed,  3 nodes.
      Class space:        1.00 GB reserved,       2.69 MB ( <1%) committed,  1 nodes.
              Both:        1.02 GB reserved,      20.81 MB (  2%) committed. 

Chunk freelists:
   Non-Class:  1.88 MB
       Class:  1.17 MB
        Both:  3.04 MB

MaxMetaspaceSize: 17179869184.00 GB
CompressedClassSpaceSize: 1.00 GB
 - commit_granule_bytes: 65536.
 - commit_granule_words: 8192.
 - virtual_space_node_default_size: 1048576.
 - enlarge_chunks_in_place: 1.
 - new_chunks_are_fully_committed: 0.
 - uncommit_free_chunks: 1.
 - use_allocation_guard: 0.
 - handle_deallocations: 1.


Internal statistics:

num_allocs_failed_limit: 3.
num_arena_births: 276.
num_arena_deaths: 0.
num_vsnodes_births: 4.
num_vsnodes_deaths: 0.
num_space_committed: 333.
num_space_uncommitted: 0.
num_chunks_returned_to_freelist: 3.
num_chunks_taken_from_freelist: 985.
num_chunk_merges: 3.
num_chunk_splits: 664.
num_chunks_enlarged: 505.
num_purges: 0.

CodeHeap 'non-profiled nmethods': size=120000Kb used=1345Kb max_used=1345Kb free=118654Kb
 bounds [0x000001e521b50000, 0x000001e521dc0000, 0x000001e529080000]
CodeHeap 'profiled nmethods': size=120000Kb used=5867Kb max_used=5867Kb free=114132Kb
 bounds [0x000001e51a620000, 0x000001e51abe0000, 0x000001e521b50000]
CodeHeap 'non-nmethods': size=5760Kb used=1216Kb max_used=1264Kb free=4543Kb
 bounds [0x000001e51a080000, 0x000001e51a2f0000, 0x000001e51a620000]
 total_blobs=3369 nmethods=2861 adapters=419
 compilation: enabled
              stopped_count=0, restarted_count=0
 full_count=0

Compilation events (20 events):
Event: 1.520 Thread 0x000001e52f9f80c0 2845       3       java.lang.Integer::reverseBytes (28 bytes)
Event: 1.520 Thread 0x000001e52f9f80c0 nmethod 2845 0x000001e51abc5a10 code [0x000001e51abc5ba0, 0x000001e51abc5cb8]
Event: 1.520 Thread 0x000001e530abf4d0 nmethod 2842 0x000001e521c9a910 code [0x000001e521c9aae0, 0x000001e521c9b518]
Event: 1.520 Thread 0x000001e530abf4d0 2844       4       jdk.internal.org.objectweb.asm.MethodWriter::visitVarInsn (302 bytes)
Event: 1.524 Thread 0x000001e530abf4d0 nmethod 2844 0x000001e521c9b990 code [0x000001e521c9bb60, 0x000001e521c9c1b0]
Event: 1.524 Thread 0x000001e530abf4d0 2846       4       java.lang.Integer::reverseBytes (28 bytes)
Event: 1.524 Thread 0x000001e530abf4d0 nmethod 2846 0x000001e521c9c610 code [0x000001e521c9c780, 0x000001e521c9c818]
Event: 1.546 Thread 0x000001e52f9f80c0 2847       3       java.lang.String::toCharArray (25 bytes)
Event: 1.547 Thread 0x000001e52f9f80c0 nmethod 2847 0x000001e51abc5d90 code [0x000001e51abc5f60, 0x000001e51abc61f8]
Event: 1.549 Thread 0x000001e52f9f80c0 2849       3       sun.security.provider.SHA::implCompress0 (482 bytes)
Event: 1.549 Thread 0x000001e52f9f80c0 nmethod 2849 0x000001e51abc6310 code [0x000001e51abc6520, 0x000001e51abc6dd8]
Event: 1.557 Thread 0x000001e52f9f80c0 2851       1       jdk.internal.loader.URLClassPath$JarLoader$2::getURL (5 bytes)
Event: 1.557 Thread 0x000001e52f9f80c0 nmethod 2851 0x000001e521c9d010 code [0x000001e521c9d1a0, 0x000001e521c9d278]
Event: 1.557 Thread 0x000001e52f9f80c0 2852 %     3       sun.nio.cs.UTF_8$Decoder::decodeArrayLoop @ 73 (691 bytes)
Event: 1.558 Thread 0x000001e530abf4d0 2855 %     4       java.util.Properties::load0 @ 29 (249 bytes)
Event: 1.559 Thread 0x000001e52f9f80c0 nmethod 2852% 0x000001e51abc7290 code [0x000001e51abc7b00, 0x000001e51abccec8]
Event: 1.559 Thread 0x000001e52f9f80c0 2854       3       java.net.URLConnection::setUseCaches (10 bytes)
Event: 1.559 Thread 0x000001e52f9f80c0 nmethod 2854 0x000001e51abce810 code [0x000001e51abce9c0, 0x000001e51abcec48]
Event: 1.559 Thread 0x000001e52f9f80c0 2853       1       java.net.JarURLConnection::getEntryName (5 bytes)
Event: 1.559 Thread 0x000001e52f9f80c0 nmethod 2853 0x000001e521c9d310 code [0x000001e521c9d4a0, 0x000001e521c9d578]

GC Heap History (4 events):
Event: 0.515 GC heap before
{Heap before GC invocations=0 (full 0):
 garbage-first heap   total 96256K, used 22528K [0x00000000a2400000, 0x0000000100000000)
  region size 1024K, 23 young (23552K), 0 survivors (0K)
 Metaspace       used 6658K, committed 6912K, reserved 1056768K
  class space    used 778K, committed 896K, reserved 1048576K
}
Event: 0.522 GC heap after
{Heap after GC invocations=1 (full 0):
 garbage-first heap   total 96256K, used 4775K [0x00000000a2400000, 0x0000000100000000)
  region size 1024K, 3 young (3072K), 3 survivors (3072K)
 Metaspace       used 6658K, committed 6912K, reserved 1056768K
  class space    used 778K, committed 896K, reserved 1048576K
}
Event: 0.855 GC heap before
{Heap before GC invocations=1 (full 0):
 garbage-first heap   total 96256K, used 33447K [0x00000000a2400000, 0x0000000100000000)
  region size 1024K, 32 young (32768K), 3 survivors (3072K)
 Metaspace       used 14640K, committed 14912K, reserved 1064960K
  class space    used 1774K, committed 1920K, reserved 1048576K
}
Event: 0.863 GC heap after
{Heap after GC invocations=2 (full 0):
 garbage-first heap   total 96256K, used 6342K [0x00000000a2400000, 0x0000000100000000)
  region size 1024K, 2 young (2048K), 2 survivors (2048K)
 Metaspace       used 14640K, committed 14912K, reserved 1064960K
  class space    used 1774K, committed 1920K, reserved 1048576K
}

Deoptimization events (20 events):
Event: 1.402 Thread 0x000001e512944f10 Uncommon trap: trap_request=0xffffff45 fr.pc=0x000001e521c15450 relative=0x00000000000063f0
Event: 1.402 Thread 0x000001e512944f10 Uncommon trap: reason=unstable_if action=reinterpret pc=0x000001e521c15450 method=jdk.internal.org.objectweb.asm.SymbolTable.addType(Ljava/lang/String;)I @ 33 c2
Event: 1.402 Thread 0x000001e512944f10 DEOPT PACKING pc=0x000001e521c15450 sp=0x0000008c16cfc670
Event: 1.402 Thread 0x000001e512944f10 DEOPT UNPACKING pc=0x000001e51a0cd72e sp=0x0000008c16cfc598 mode 2
Event: 1.466 Thread 0x000001e512944f10 Uncommon trap: trap_request=0xffffff45 fr.pc=0x000001e521ba10fc relative=0x000000000000005c
Event: 1.466 Thread 0x000001e512944f10 Uncommon trap: reason=unstable_if action=reinterpret pc=0x000001e521ba10fc method=sun.net.www.ParseUtil.firstEncodeIndex(Ljava/lang/String;)I @ 51 c2
Event: 1.466 Thread 0x000001e512944f10 DEOPT PACKING pc=0x000001e521ba10fc sp=0x0000008c16cfa680
Event: 1.466 Thread 0x000001e512944f10 DEOPT UNPACKING pc=0x000001e51a0cd72e sp=0x0000008c16cfa608 mode 2
Event: 1.494 Thread 0x000001e512944f10 Uncommon trap: trap_request=0xffffff45 fr.pc=0x000001e521c1e458 relative=0x0000000000000418
Event: 1.494 Thread 0x000001e512944f10 Uncommon trap: reason=unstable_if action=reinterpret pc=0x000001e521c1e458 method=java.util.LinkedHashMap.get(Ljava/lang/Object;)Ljava/lang/Object; @ 16 c2
Event: 1.494 Thread 0x000001e512944f10 DEOPT PACKING pc=0x000001e521c1e458 sp=0x0000008c16cfe4f0
Event: 1.494 Thread 0x000001e512944f10 DEOPT UNPACKING pc=0x000001e51a0cd72e sp=0x0000008c16cfe4b8 mode 2
Event: 1.497 Thread 0x000001e512944f10 Uncommon trap: trap_request=0xffffff45 fr.pc=0x000001e521bf83dc relative=0x000000000000051c
Event: 1.497 Thread 0x000001e512944f10 Uncommon trap: reason=unstable_if action=reinterpret pc=0x000001e521bf83dc method=java.util.Properties.loadConvert([CIILjava/lang/StringBuilder;)Ljava/lang/String; @ 26 c2
Event: 1.497 Thread 0x000001e512944f10 DEOPT PACKING pc=0x000001e521bf83dc sp=0x0000008c16cfe030
Event: 1.497 Thread 0x000001e512944f10 DEOPT UNPACKING pc=0x000001e51a0cd72e sp=0x0000008c16cfdfc8 mode 2
Event: 1.499 Thread 0x000001e512944f10 DEOPT PACKING pc=0x000001e51abbb0ee sp=0x0000008c16cfd440
Event: 1.499 Thread 0x000001e512944f10 DEOPT UNPACKING pc=0x000001e51a0cdece sp=0x0000008c16cfc908 mode 0
Event: 1.558 Thread 0x000001e512944f10 DEOPT PACKING pc=0x000001e51abbb0ee sp=0x0000008c16cfdfd0
Event: 1.558 Thread 0x000001e512944f10 DEOPT UNPACKING pc=0x000001e51a0cdece sp=0x0000008c16cfd4c0 mode 0

Classes unloaded (0 events):
No events

Classes redefined (0 events):
No events

Internal exceptions (20 events):
Event: 1.355 Thread 0x000001e512944f10 Exception <a 'java/lang/ClassNotFoundException'{0x00000000a68cd880}: org/springframework/aop/framework/autoproxy/AbstractAutoProxyCreatorCustomizer> (0x00000000a68cd880) 
thrown [t:\workspace\open\src\hotspot\share\classfile\systemDictionary.cpp, line 256]
Event: 1.356 Thread 0x000001e512944f10 Exception <a 'java/lang/ClassNotFoundException'{0x00000000a68e08e8}: org/springframework/aop/framework/autoproxy/AbstractAdvisorAutoProxyCreatorCustomizer> (0x00000000a68e08e8) 
thrown [t:\workspace\open\src\hotspot\share\classfile\systemDictionary.cpp, line 256]
Event: 1.357 Thread 0x000001e512944f10 Exception <a 'java/lang/ClassNotFoundException'{0x00000000a68e73b8}: org/springframework/aop/framework/autoproxy/InfrastructureAdvisorAutoProxyCreatorCustomizer> (0x00000000a68e73b8) 
thrown [t:\workspace\open\src\hotspot\share\classfile\systemDictionary.cpp, line 256]
Event: 1.357 Thread 0x000001e512944f10 Exception <a 'java/lang/ClassNotFoundException'{0x00000000a68f8698}: org/springframework/beans/factory/config/SmartInstantiationAwareBeanPostProcessorCustomizer> (0x00000000a68f8698) 
thrown [t:\workspace\open\src\hotspot\share\classfile\systemDictionary.cpp, line 256]
Event: 1.358 Thread 0x000001e512944f10 Exception <a 'java/lang/ClassNotFoundException'{0x00000000a68ff2e8}: org/springframework/beans/factory/config/InstantiationAwareBeanPostProcessorCustomizer> (0x00000000a68ff2e8) 
thrown [t:\workspace\open\src\hotspot\share\classfile\systemDictionary.cpp, line 256]
Event: 1.358 Thread 0x000001e512944f10 Exception <a 'java/lang/ClassNotFoundException'{0x00000000a6705fe8}: org/springframework/beans/factory/config/BeanPostProcessorCustomizer> (0x00000000a6705fe8) 
thrown [t:\workspace\open\src\hotspot\share\classfile\systemDictionary.cpp, line 256]
Event: 1.358 Thread 0x000001e512944f10 Exception <a 'java/lang/ClassNotFoundException'{0x00000000a670a130}: org/springframework/beans/factory/BeanFactoryAwareCustomizer> (0x00000000a670a130) 
thrown [t:\workspace\open\src\hotspot\share\classfile\systemDictionary.cpp, line 256]
Event: 1.358 Thread 0x000001e512944f10 Exception <a 'java/lang/ClassNotFoundException'{0x00000000a670e208}: org/springframework/beans/factory/AwareCustomizer> (0x00000000a670e208) 
thrown [t:\workspace\open\src\hotspot\share\classfile\systemDictionary.cpp, line 256]
Event: 1.359 Thread 0x000001e512944f10 Exception <a 'java/lang/ClassNotFoundException'{0x00000000a6710808}: org/springframework/core/OrderedCustomizer> (0x00000000a6710808) 
thrown [t:\workspace\open\src\hotspot\share\classfile\systemDictionary.cpp, line 256]
Event: 1.359 Thread 0x000001e512944f10 Exception <a 'java/lang/ClassNotFoundException'{0x00000000a6713b78}: org/springframework/beans/factory/BeanClassLoaderAwareCustomizer> (0x00000000a6713b78) 
thrown [t:\workspace\open\src\hotspot\share\classfile\systemDictionary.cpp, line 256]
Event: 1.359 Thread 0x000001e512944f10 Exception <a 'java/lang/ClassNotFoundException'{0x00000000a67170a8}: org/springframework/beans/factory/AwareCustomizer> (0x00000000a67170a8) 
thrown [t:\workspace\open\src\hotspot\share\classfile\systemDictionary.cpp, line 256]
Event: 1.359 Thread 0x000001e512944f10 Exception <a 'java/lang/ClassNotFoundException'{0x00000000a67198b8}: org/springframework/aop/framework/AopInfrastructureBeanCustomizer> (0x00000000a67198b8) 
thrown [t:\workspace\open\src\hotspot\share\classfile\systemDictionary.cpp, line 256]
Event: 1.387 Thread 0x000001e512944f10 Exception <a 'java/lang/NoSuchMethodError'{0x00000000a66425f8}: 'int java.lang.invoke.DirectMethodHandle$Holder.invokeSpecial(java.lang.Object, java.lang.Object, java.lang.Object, java.lang.Object, java.lang.Object)'> (0x00000000a66425f8) 
thrown [t:\workspace\open\src\hotspot\share\interpreter\linkResolver.cpp, line 790]
Event: 1.433 Thread 0x000001e512944f10 Exception <a 'java/lang/NoSuchMethodError'{0x00000000a64b1f60}: 'void java.lang.invoke.DirectMethodHandle$Holder.invokeInterface(java.lang.Object, java.lang.Object, int)'> (0x00000000a64b1f60) 
thrown [t:\workspace\open\src\hotspot\share\interpreter\linkResolver.cpp, line 790]
Event: 1.435 Thread 0x000001e512944f10 Exception <a 'java/lang/NoSuchMethodError'{0x00000000a64cc970}: 'int java.lang.invoke.DirectMethodHandle$Holder.invokeVirtual(java.lang.Object, java.lang.Object)'> (0x00000000a64cc970) 
thrown [t:\workspace\open\src\hotspot\share\interpreter\linkResolver.cpp, line 790]
Event: 1.439 Thread 0x000001e512944f10 Exception <a 'java/lang/IncompatibleClassChangeError'{0x00000000a6308bb0}: Found class java.lang.Object, but interface was expected> (0x00000000a6308bb0) 
thrown [t:\workspace\open\src\hotspot\share\interpreter\linkResolver.cpp, line 857]
Event: 1.439 Thread 0x000001e512944f10 Exception <a 'java/lang/NoSuchMethodError'{0x00000000a630dfe8}: 'void java.lang.invoke.DirectMethodHandle$Holder.invokeStatic(java.lang.Object, int, java.lang.Object)'> (0x00000000a630dfe8) 
thrown [t:\workspace\open\src\hotspot\share\interpreter\linkResolver.cpp, line 790]
Event: 1.443 Thread 0x000001e512944f10 Exception <a 'java/lang/NoSuchMethodError'{0x00000000a633dbd0}: 'int java.lang.invoke.DirectMethodHandle$Holder.invokeSpecial(java.lang.Object, java.lang.Object, int)'> (0x00000000a633dbd0) 
thrown [t:\workspace\open\src\hotspot\share\interpreter\linkResolver.cpp, line 790]
Event: 1.515 Thread 0x000001e512944f10 Exception <a 'java/lang/NoSuchMethodError'{0x00000000a5e917f8}: 'java.lang.Object java.lang.invoke.DirectMethodHandle$Holder.invokeStaticInit(java.lang.Object, int, int, int, int)'> (0x00000000a5e917f8) 
thrown [t:\workspace\open\src\hotspot\share\interpreter\linkResolver.cpp, line 790]
Event: 1.550 Thread 0x000001e512944f10 Exception <a 'java/lang/NoSuchMethodError'{0x00000000a5ea80a8}: 'java.lang.Object java.lang.invoke.DirectMethodHandle$Holder.invokeStaticInit(java.lang.Object, java.lang.Object, int, int, int, int)'> (0x00000000a5ea80a8) 
thrown [t:\workspace\open\src\hotspot\share\interpreter\linkResolver.cpp, line 790]

Events (20 events):
Event: 1.547 loading class sun/nio/fs/WindowsDirectoryStream$WindowsDirectoryIterator
Event: 1.547 loading class sun/nio/fs/WindowsDirectoryStream$WindowsDirectoryIterator done
Event: 1.547 loading class sun/nio/fs/WindowsPath$WindowsPathWithAttributes
Event: 1.547 loading class sun/nio/fs/BasicFileAttributesHolder
Event: 1.547 loading class sun/nio/fs/BasicFileAttributesHolder done
Event: 1.547 loading class sun/nio/fs/WindowsPath$WindowsPathWithAttributes done
Event: 1.548 Executing  VM operation: HandshakeAllThreads
Event: 1.548 Executing  VM operation: HandshakeAllThreads done
Event: 1.552 loading class sun/security/provider/AbstractDrbg$NonceProvider
Event: 1.552 loading class sun/security/provider/AbstractDrbg$NonceProvider done
Event: 1.553 loading class sun/security/provider/SHA2$SHA256
Event: 1.553 loading class sun/security/provider/SHA2
Event: 1.553 loading class sun/security/provider/SHA2 done
Event: 1.553 loading class sun/security/provider/SHA2$SHA256 done
Event: 1.554 loading class sun/nio/fs/WindowsPath$1
Event: 1.554 loading class sun/nio/fs/WindowsPath$1 done
Event: 1.555 loading class java/io/DeleteOnExitHook
Event: 1.555 loading class java/io/DeleteOnExitHook done
Event: 1.555 loading class java/io/DeleteOnExitHook$1
Event: 1.555 loading class java/io/DeleteOnExitHook$1 done


Dynamic libraries:
0x00007ff6a9630000 - 0x00007ff6a963e000 	C:\Users\Owner\.jdks\openjdk-16.0.2\bin\java.exe
0x00007fffe82b0000 - 0x00007fffe84a5000 	C:\Windows\SYSTEM32\ntdll.dll
0x00007fffe6490000 - 0x00007fffe654e000 	C:\Windows\System32\KERNEL32.DLL
0x00007fffe5e80000 - 0x00007fffe6149000 	C:\Windows\System32\KERNELBASE.dll
0x00007fffe5c10000 - 0x00007fffe5d10000 	C:\Windows\System32\ucrtbase.dll
0x00007fffe0370000 - 0x00007fffe0388000 	C:\Users\Owner\.jdks\openjdk-16.0.2\bin\jli.dll
0x00007fffe7700000 - 0x00007fffe78a1000 	C:\Windows\System32\USER32.dll
0x00007fffe5b30000 - 0x00007fffe5b52000 	C:\Windows\System32\win32u.dll
0x00007fffe6830000 - 0x00007fffe685b000 	C:\Windows\System32\GDI32.dll
0x00007fffe61f0000 - 0x00007fffe62fb000 	C:\Windows\System32\gdi32full.dll
0x00007fffe6150000 - 0x00007fffe61ed000 	C:\Windows\System32\msvcp_win.dll
0x00007fffe0350000 - 0x00007fffe0369000 	C:\Users\Owner\.jdks\openjdk-16.0.2\bin\VCRUNTIME140.dll
0x00007fffc91f0000 - 0x00007fffc948a000 	C:\Windows\WinSxS\amd64_microsoft.windows.common-controls_6595b64144ccf1df_6.0.19041.1110_none_60b5254171f9507e\COMCTL32.dll
0x00007fffe74c0000 - 0x00007fffe755e000 	C:\Windows\System32\msvcrt.dll
0x00007fffe78b0000 - 0x00007fffe78e0000 	C:\Windows\System32\IMM32.DLL
0x00007fffc90b0000 - 0x00007fffc91e6000 	C:\Program Files (x86)\Citrix\ICA Client\epclient64.dll
0x00007fffe5df0000 - 0x00007fffe5e17000 	C:\Windows\System32\bcrypt.dll
0x00007fffde290000 - 0x00007fffde29a000 	C:\Windows\SYSTEM32\VERSION.dll
0x00007fffe7410000 - 0x00007fffe74bc000 	C:\Windows\System32\ADVAPI32.dll
0x00007fffe7e70000 - 0x00007fffe7f0b000 	C:\Windows\System32\sechost.dll
0x00007fffe75d0000 - 0x00007fffe76fa000 	C:\Windows\System32\RPCRT4.dll
0x00007fffe4700000 - 0x00007fffe4733000 	C:\Windows\SYSTEM32\ntmarta.dll
0x00007fffe0340000 - 0x00007fffe034c000 	C:\Users\Owner\.jdks\openjdk-16.0.2\bin\vcruntime140_1.dll
0x00007fffc6a80000 - 0x00007fffc6b11000 	C:\Users\Owner\.jdks\openjdk-16.0.2\bin\msvcp140.dll
0x00007fffb22b0000 - 0x00007fffb2e5b000 	C:\Users\Owner\.jdks\openjdk-16.0.2\bin\server\jvm.dll
0x00007fffe6b10000 - 0x00007fffe6b18000 	C:\Windows\System32\PSAPI.DLL
0x00007fffcb6b0000 - 0x00007fffcb6b9000 	C:\Windows\SYSTEM32\WSOCK32.dll
0x00007fffe6c60000 - 0x00007fffe6ccb000 	C:\Windows\System32\WS2_32.dll
0x00007fffdac60000 - 0x00007fffdac87000 	C:\Windows\SYSTEM32\WINMM.dll
0x00007fffe4250000 - 0x00007fffe4262000 	C:\Windows\SYSTEM32\kernel.appcore.dll
0x00007fffe01a0000 - 0x00007fffe01aa000 	C:\Users\Owner\.jdks\openjdk-16.0.2\bin\jimage.dll
0x00007fffe3610000 - 0x00007fffe37f4000 	C:\Windows\SYSTEM32\DBGHELP.DLL
0x00007fffd1b70000 - 0x00007fffd1b9c000 	C:\Windows\SYSTEM32\dbgcore.DLL
0x00007fffe5d10000 - 0x00007fffe5d93000 	C:\Windows\System32\bcryptPrimitives.dll
0x00007fffe0190000 - 0x00007fffe019e000 	C:\Users\Owner\.jdks\openjdk-16.0.2\bin\instrument.dll
0x00007fffdf400000 - 0x00007fffdf425000 	C:\Users\Owner\.jdks\openjdk-16.0.2\bin\java.dll
0x00007fffe6cd0000 - 0x00007fffe740f000 	C:\Windows\System32\SHELL32.dll
0x00007fffe3800000 - 0x00007fffe3f90000 	C:\Windows\SYSTEM32\windows.storage.dll
0x00007fffe7f10000 - 0x00007fffe8265000 	C:\Windows\System32\combase.dll
0x00007fffe5350000 - 0x00007fffe537c000 	C:\Windows\SYSTEM32\Wldp.dll
0x000001e52fa40000 - 0x000001e52faed000 	C:\Windows\System32\SHCORE.dll
0x00007fffe6430000 - 0x00007fffe6485000 	C:\Windows\System32\shlwapi.dll
0x00007fffe5910000 - 0x00007fffe592f000 	C:\Windows\SYSTEM32\profapi.dll
0x00007fffdf3a0000 - 0x00007fffdf3b8000 	C:\Users\Owner\.jdks\openjdk-16.0.2\bin\zip.dll
0x00007fffdf3e0000 - 0x00007fffdf3f9000 	C:\Users\Owner\.jdks\openjdk-16.0.2\bin\net.dll
0x00007fffd79d0000 - 0x00007fffd7ad8000 	C:\Windows\SYSTEM32\WINHTTP.dll
0x00007fffe50b0000 - 0x00007fffe511a000 	C:\Windows\system32\mswsock.dll
0x00007fffdf3c0000 - 0x00007fffdf3d3000 	C:\Users\Owner\.jdks\openjdk-16.0.2\bin\nio.dll
0x00007fffdf2e0000 - 0x00007fffdf2fa000 	C:\Program Files\JetBrains\IntelliJ IDEA Community Edition 2021.2.3\bin\breakgen64.dll
0x00007fffe0180000 - 0x00007fffe0190000 	C:\Users\Owner\.jdks\openjdk-16.0.2\bin\verify.dll
0x00007fffdf2d0000 - 0x00007fffdf2d9000 	C:\Users\Owner\.jdks\openjdk-16.0.2\bin\management.dll
0x00007fffdf2c0000 - 0x00007fffdf2cb000 	C:\Users\Owner\.jdks\openjdk-16.0.2\bin\management_ext.dll
0x00007fff937c0000 - 0x00007fff937d7000 	C:\Windows\system32\napinsp.dll
0x00007fff93400000 - 0x00007fff9341b000 	C:\Windows\system32\pnrpnsp.dll
0x00007fffbef50000 - 0x00007fffbef65000 	C:\Windows\system32\wshbth.dll
0x00007fffdec00000 - 0x00007fffdec1d000 	C:\Windows\system32\NLAapi.dll
0x00007fffe4da0000 - 0x00007fffe4ddb000 	C:\Windows\SYSTEM32\IPHLPAPI.DLL
0x00007fffe4de0000 - 0x00007fffe4eac000 	C:\Windows\SYSTEM32\DNSAPI.dll
0x00007fffe75c0000 - 0x00007fffe75c8000 	C:\Windows\System32\NSI.dll
0x00007fff93110000 - 0x00007fff93122000 	C:\Windows\System32\winrnr.dll
0x000000005c360000 - 0x000000005c386000 	C:\Program Files\Bonjour\mdnsNSP.dll
0x00007fffd8d20000 - 0x00007fffd8d2a000 	C:\Windows\System32\rasadhlp.dll
0x00007fffd3f20000 - 0x00007fffd3f9f000 	C:\Windows\System32\fwpuclnt.dll
0x00007fffe52a0000 - 0x00007fffe52b8000 	C:\Windows\SYSTEM32\CRYPTSP.dll
0x00007fffe4a30000 - 0x00007fffe4a64000 	C:\Windows\system32\rsaenh.dll
0x00007fffe58d0000 - 0x00007fffe58fe000 	C:\Windows\SYSTEM32\USERENV.dll
0x00007fffe52c0000 - 0x00007fffe52cc000 	C:\Windows\SYSTEM32\CRYPTBASE.dll
0x00007fffdcb90000 - 0x00007fffdcba7000 	C:\Windows\SYSTEM32\dhcpcsvc6.DLL
0x00007fffde430000 - 0x00007fffde44d000 	C:\Windows\SYSTEM32\dhcpcsvc.DLL

dbghelp: loaded successfully - version: 4.0.5 - missing functions: none
symbol engine: initialized successfully - sym options: 0x614 - pdb path: .;C:\Users\Owner\.jdks\openjdk-16.0.2\bin;C:\Windows\SYSTEM32;C:\Windows\WinSxS\amd64_microsoft.windows.common-controls_6595b64144ccf1df_6.0.19041.1110_none_60b5254171f9507e;C:\Program Files (x86)\Citrix\ICA Client;C:\Users\Owner\.jdks\openjdk-16.0.2\bin\server;C:\Program Files\JetBrains\IntelliJ IDEA Community Edition 2021.2.3\bin;C:\Program Files\Bonjour

VM Arguments:
jvm_args: -javaagent:C:\Program Files\JetBrains\IntelliJ IDEA Community Edition 2021.2.3\lib\idea_rt.jar=58327:C:\Program Files\JetBrains\IntelliJ IDEA Community Edition 2021.2.3\bin -Dfile.encoding=UTF-8 
java_command: com.careerdevs.employees.EmployeesApplication
java_class_path (initial): C:\Users\Owner\IdeaProjects\2021_10\employees\target\classes;C:\Users\Owner\.m2\repository\org\springframework\boot\spring-boot-starter-web\2.5.6\spring-boot-starter-web-2.5.6.jar;C:\Users\Owner\.m2\repository\org\springframework\boot\spring-boot-starter\2.5.6\spring-boot-starter-2.5.6.jar;C:\Users\Owner\.m2\repository\org\springframework\boot\spring-boot\2.5.6\spring-boot-2.5.6.jar;C:\Users\Owner\.m2\repository\org\springframework\boot\spring-boot-autoconfigure\2.5.6\spring-boot-autoconfigure-2.5.6.jar;C:\Users\Owner\.m2\repository\org\springframework\boot\spring-boot-starter-logging\2.5.6\spring-boot-starter-logging-2.5.6.jar;C:\Users\Owner\.m2\repository\ch\qos\logback\logback-classic\1.2.6\logback-classic-1.2.6.jar;C:\Users\Owner\.m2\repository\ch\qos\logback\logback-core\1.2.6\logback-core-1.2.6.jar;C:\Users\Owner\.m2\repository\org\apache\logging\log4j\log4j-to-slf4j\2.14.1\log4j-to-slf4j-2.14.1.jar;C:\Users\Owner\.m2\repository\org\apache\logging\log4j\log4j-api\2.14.1\log4j-api-2.14.1.jar;C:\Users\Owner\.m2\repository\org\slf4j\jul-to-slf4j\1.7.32\jul-to-slf4j-1.7.32.jar;C:\Users\Owner\.m2\repository\jakarta\annotation\jakarta.annotation-api\1.3.5\jakarta.annotation-api-1.3.5.jar;C:\Users\Owner\.m2\repository\org\yaml\snakeyaml\1.28\snakeyaml-1.28.jar;C:\Users\Owner\.m2\repository\org\springframework\boot\spring-boot-starter-json\2.5.6\spring-boot-starter-json-2.5.6.jar;C:\Users\Owner\.m2\repository\com\fasterxml\jackson\core\jackson-databind\2.12.5\jackson-databind-2.12.5.jar;C:\Users\Owner\.m2\repository\com\fasterxml\jackson\core\jackson-annotations\2.12.5\jackson-annotations-2.12.5.jar;C:\Users\Owner\.m2\repository\com\fasterxml\jackson\core\jackson-core\2.12.5\jackson-core-2.12.5.jar;C:\Users\Owner\.m2\repository\com\fasterxml\jackson\datatype\jackson-datatype-jdk8\2.12.5\jackson-datatype-jdk8-2.12.5.jar;C:\Users\Owner\.m2\repository\com\fasterxml\jackson\datatype\jackson-datatype-jsr310\2.12.5\jackson-datatype-jsr310-2.12.5
Launcher Type: SUN_STANDARD

[Global flags]
     intx CICompilerCount                          = 4                                         {product} {ergonomic}
     uint ConcGCThreads                            = 3                                         {product} {ergonomic}
     uint G1ConcRefinementThreads                  = 10                                        {product} {ergonomic}
   size_t G1HeapRegionSize                         = 1048576                                   {product} {ergonomic}
    uintx GCDrainStackTargetSize                   = 64                                        {product} {ergonomic}
   size_t InitialHeapSize                          = 98566144                                  {product} {ergonomic}
   size_t MarkStackSize                            = 4194304                                   {product} {ergonomic}
   size_t MaxHeapSize                              = 1572864000                                {product} {ergonomic}
   size_t MaxNewSize                               = 943718400                                 {product} {ergonomic}
   size_t MinHeapDeltaBytes                        = 1048576                                   {product} {ergonomic}
   size_t MinHeapSize                              = 8388608                                   {product} {ergonomic}
    uintx NonNMethodCodeHeapSize                   = 5839372                                {pd product} {ergonomic}
    uintx NonProfiledCodeHeapSize                  = 122909434                              {pd product} {ergonomic}
    uintx ProfiledCodeHeapSize                     = 122909434                              {pd product} {ergonomic}
    uintx ReservedCodeCacheSize                    = 251658240                              {pd product} {ergonomic}
     bool SegmentedCodeCache                       = true                                      {product} {ergonomic}
   size_t SoftMaxHeapSize                          = 1572864000                             {manageable} {ergonomic}
     bool UseCompressedClassPointers               = true                           {product lp64_product} {ergonomic}
     bool UseCompressedOops                        = true                           {product lp64_product} {ergonomic}
     bool UseG1GC                                  = true                                      {product} {ergonomic}
     bool UseLargePagesIndividualAllocation        = false                                  {pd product} {ergonomic}

Logging:
Log output configuration:
 #0: stdout all=warning uptime,level,tags
 #1: stderr all=off uptime,level,tags

Environment Variables:
PATH=C:\Program Files\Eclipse Foundation\jdk-17.0.0.35-hotspot\bin;C:\Windows\system32;C:\Windows;C:\Windows\System32\Wbem;C:\Windows\System32\WindowsPowerShell\v1.0\;C:\Windows\System32\OpenSSH\;C:\Program Files (x86)\NVIDIA Corporation\PhysX\Common;C:\Program Files\NVIDIA Corporation\NVIDIA NvDLISR;C:\Program Files (x86)\nodejs\;C:\Program Files\Git\cmd;C:\Users\Owner\AppData\Local\Microsoft\WindowsApps;;C:\Users\Owner\AppData\Local\Programs\Microsoft VS Code\bin;C:\Users\Owner\AppData\Roaming\npm
USERNAME=Owner
OS=Windows_NT
PROCESSOR_IDENTIFIER=AMD64 Family 25 Model 80 Stepping 0, AuthenticAMD



---------------  S Y S T E M  ---------------

OS:
 Windows 10 , 64 bit Build 19041 (10.0.19041.1202)
OS uptime: 0 days 4:12 hours

CPU: total 12 (initial active 12) (12 cores per cpu, 2 threads per core) family 25 model 80 stepping 0 microcode 0x0, cx8, cmov, fxsr, ht, mmx, 3dnowpref, sse, sse2, sse3, ssse3, sse4a, sse4.1, sse4.2, popcnt, lzcnt, tsc, tscinvbit, avx, avx2, aes, erms, clmul, bmi1, bmi2, adx, sha, fma, vzeroupper, clflush, clflushopt

Memory: 4k page, system-wide physical 5996M (708M free)
TotalPageFile size 24428M (AvailPageFile size 62M)
current process WorkingSet (physical memory assigned to process): 118M, peak: 152M
current process commit charge ("private bytes"): 191M, peak: 250M

vm_info: OpenJDK 64-Bit Server VM (16.0.2+7-67) for windows-amd64 JRE (16.0.2+7-67), built on Jun  8 2021 23:21:43 by "mach5one" with MS VC++ 16.7 (VS2019)

END.
